ERROR - 2022-11-06 23:07:09 --> Error connecting to the database: mysqli_sql_exception: No connection could be made because the target machine actively refused it in C:\kerjaan baru 2022\tes_bpjs_form\system\Database\MySQLi\Connection.php:171
Stack trace:
#0 C:\kerjaan baru 2022\tes_bpjs_form\system\Database\MySQLi\Connection.php(171): mysqli->real_connect('localhost', '', '', '', 3306, '', 0)
#1 C:\kerjaan baru 2022\tes_bpjs_form\system\Database\BaseConnection.php(382): CodeIgniter\Database\MySQLi\Connection->connect(false)
#2 C:\kerjaan baru 2022\tes_bpjs_form\system\Database\BaseConnection.php(561): CodeIgniter\Database\BaseConnection->initialize()
#3 C:\kerjaan baru 2022\tes_bpjs_form\system\Database\BaseBuilder.php(1585): CodeIgniter\Database\BaseConnection->query('SELECT *\nFROM `...', Array, false)
#4 C:\kerjaan baru 2022\tes_bpjs_form\system\Model.php(223): CodeIgniter\Database\BaseBuilder->get()
#5 C:\kerjaan baru 2022\tes_bpjs_form\system\BaseModel.php(585): CodeIgniter\Model->doFindAll(0, 0)
#6 C:\kerjaan baru 2022\tes_bpjs_form\app\Controllers\Home.php(11): CodeIgniter\BaseModel->findAll()
#7 C:\kerjaan baru 2022\tes_bpjs_form\system\CodeIgniter.php(927): App\Controllers\Home->index()
#8 C:\kerjaan baru 2022\tes_bpjs_form\system\CodeIgniter.php(482): CodeIgniter\CodeIgniter->runController(Object(App\Controllers\Home))
#9 C:\kerjaan baru 2022\tes_bpjs_form\system\CodeIgniter.php(351): CodeIgniter\CodeIgniter->handleRequest(NULL, Object(Config\Cache), false)
#10 C:\kerjaan baru 2022\tes_bpjs_form\public\index.php(67): CodeIgniter\CodeIgniter->run()
#11 C:\kerjaan baru 2022\tes_bpjs_form\system\Commands\Server\rewrite.php(46): require_once('C:\\kerjaan baru...')
#12 {main}

Next CodeIgniter\Database\Exceptions\DatabaseException: No connection could be made because the target machine actively refused it in C:\kerjaan baru 2022\tes_bpjs_form\system\Database\MySQLi\Connection.php:215
Stack trace:
#0 C:\kerjaan baru 2022\tes_bpjs_form\system\Database\BaseConnection.php(382): CodeIgniter\Database\MySQLi\Connection->connect(false)
#1 C:\kerjaan baru 2022\tes_bpjs_form\system\Database\BaseConnection.php(561): CodeIgniter\Database\BaseConnection->initialize()
#2 C:\kerjaan baru 2022\tes_bpjs_form\system\Database\BaseBuilder.php(1585): CodeIgniter\Database\BaseConnection->query('SELECT *\nFROM `...', Array, false)
#3 C:\kerjaan baru 2022\tes_bpjs_form\system\Model.php(223): CodeIgniter\Database\BaseBuilder->get()
#4 C:\kerjaan baru 2022\tes_bpjs_form\system\BaseModel.php(585): CodeIgniter\Model->doFindAll(0, 0)
#5 C:\kerjaan baru 2022\tes_bpjs_form\app\Controllers\Home.php(11): CodeIgniter\BaseModel->findAll()
#6 C:\kerjaan baru 2022\tes_bpjs_form\system\CodeIgniter.php(927): App\Controllers\Home->index()
#7 C:\kerjaan baru 2022\tes_bpjs_form\system\CodeIgniter.php(482): CodeIgniter\CodeIgniter->runController(Object(App\Controllers\Home))
#8 C:\kerjaan baru 2022\tes_bpjs_form\system\CodeIgniter.php(351): CodeIgniter\CodeIgniter->handleRequest(NULL, Object(Config\Cache), false)
#9 C:\kerjaan baru 2022\tes_bpjs_form\public\index.php(67): CodeIgniter\CodeIgniter->run()
#10 C:\kerjaan baru 2022\tes_bpjs_form\system\Commands\Server\rewrite.php(46): require_once('C:\\kerjaan baru...')
#11 {main}
CRITICAL - 2022-11-06 23:07:09 --> Unable to connect to the database.
Main connection [MySQLi]: No connection could be made because the target machine actively refused it
in SYSTEMPATH\Database\BaseConnection.php on line 418.
 1 SYSTEMPATH\Database\BaseConnection.php(561): CodeIgniter\Database\BaseConnection->initialize()
 2 SYSTEMPATH\Database\BaseBuilder.php(1585): CodeIgniter\Database\BaseConnection->query('SELECT *
FROM `country`', [], false)
 3 SYSTEMPATH\Model.php(223): CodeIgniter\Database\BaseBuilder->get()
 4 SYSTEMPATH\BaseModel.php(585): CodeIgniter\Model->doFindAll(0, 0)
 5 APPPATH\Controllers\Home.php(11): CodeIgniter\BaseModel->findAll()
 6 SYSTEMPATH\CodeIgniter.php(927): App\Controllers\Home->index()
 7 SYSTEMPATH\CodeIgniter.php(482): CodeIgniter\CodeIgniter->runController(Object(App\Controllers\Home))
 8 SYSTEMPATH\CodeIgniter.php(351): CodeIgniter\CodeIgniter->handleRequest(null, Object(Config\Cache), false)
 9 FCPATH\index.php(67): CodeIgniter\CodeIgniter->run()
10 SYSTEMPATH\Commands\Server\rewrite.php(46): require_once('FCPATH\\index.php')
ERROR - 2022-11-06 23:07:38 --> Error connecting to the database: mysqli_sql_exception: No connection could be made because the target machine actively refused it in C:\kerjaan baru 2022\tes_bpjs_form\system\Database\MySQLi\Connection.php:171
Stack trace:
#0 C:\kerjaan baru 2022\tes_bpjs_form\system\Database\MySQLi\Connection.php(171): mysqli->real_connect('localhost', '', '', '', 3306, '', 0)
#1 C:\kerjaan baru 2022\tes_bpjs_form\system\Database\BaseConnection.php(382): CodeIgniter\Database\MySQLi\Connection->connect(false)
#2 C:\kerjaan baru 2022\tes_bpjs_form\system\Database\BaseConnection.php(561): CodeIgniter\Database\BaseConnection->initialize()
#3 C:\kerjaan baru 2022\tes_bpjs_form\system\Database\BaseBuilder.php(1585): CodeIgniter\Database\BaseConnection->query('SELECT *\nFROM `...', Array, false)
#4 C:\kerjaan baru 2022\tes_bpjs_form\system\Model.php(223): CodeIgniter\Database\BaseBuilder->get()
#5 C:\kerjaan baru 2022\tes_bpjs_form\system\BaseModel.php(585): CodeIgniter\Model->doFindAll(0, 0)
#6 C:\kerjaan baru 2022\tes_bpjs_form\app\Controllers\Home.php(11): CodeIgniter\BaseModel->findAll()
#7 C:\kerjaan baru 2022\tes_bpjs_form\system\CodeIgniter.php(927): App\Controllers\Home->index()
#8 C:\kerjaan baru 2022\tes_bpjs_form\system\CodeIgniter.php(482): CodeIgniter\CodeIgniter->runController(Object(App\Controllers\Home))
#9 C:\kerjaan baru 2022\tes_bpjs_form\system\CodeIgniter.php(351): CodeIgniter\CodeIgniter->handleRequest(NULL, Object(Config\Cache), false)
#10 C:\kerjaan baru 2022\tes_bpjs_form\public\index.php(67): CodeIgniter\CodeIgniter->run()
#11 C:\kerjaan baru 2022\tes_bpjs_form\system\Commands\Server\rewrite.php(46): require_once('C:\\kerjaan baru...')
#12 {main}

Next CodeIgniter\Database\Exceptions\DatabaseException: No connection could be made because the target machine actively refused it in C:\kerjaan baru 2022\tes_bpjs_form\system\Database\MySQLi\Connection.php:215
Stack trace:
#0 C:\kerjaan baru 2022\tes_bpjs_form\system\Database\BaseConnection.php(382): CodeIgniter\Database\MySQLi\Connection->connect(false)
#1 C:\kerjaan baru 2022\tes_bpjs_form\system\Database\BaseConnection.php(561): CodeIgniter\Database\BaseConnection->initialize()
#2 C:\kerjaan baru 2022\tes_bpjs_form\system\Database\BaseBuilder.php(1585): CodeIgniter\Database\BaseConnection->query('SELECT *\nFROM `...', Array, false)
#3 C:\kerjaan baru 2022\tes_bpjs_form\system\Model.php(223): CodeIgniter\Database\BaseBuilder->get()
#4 C:\kerjaan baru 2022\tes_bpjs_form\system\BaseModel.php(585): CodeIgniter\Model->doFindAll(0, 0)
#5 C:\kerjaan baru 2022\tes_bpjs_form\app\Controllers\Home.php(11): CodeIgniter\BaseModel->findAll()
#6 C:\kerjaan baru 2022\tes_bpjs_form\system\CodeIgniter.php(927): App\Controllers\Home->index()
#7 C:\kerjaan baru 2022\tes_bpjs_form\system\CodeIgniter.php(482): CodeIgniter\CodeIgniter->runController(Object(App\Controllers\Home))
#8 C:\kerjaan baru 2022\tes_bpjs_form\system\CodeIgniter.php(351): CodeIgniter\CodeIgniter->handleRequest(NULL, Object(Config\Cache), false)
#9 C:\kerjaan baru 2022\tes_bpjs_form\public\index.php(67): CodeIgniter\CodeIgniter->run()
#10 C:\kerjaan baru 2022\tes_bpjs_form\system\Commands\Server\rewrite.php(46): require_once('C:\\kerjaan baru...')
#11 {main}
CRITICAL - 2022-11-06 23:07:38 --> Unable to connect to the database.
Main connection [MySQLi]: No connection could be made because the target machine actively refused it
in SYSTEMPATH\Database\BaseConnection.php on line 418.
 1 SYSTEMPATH\Database\BaseConnection.php(561): CodeIgniter\Database\BaseConnection->initialize()
 2 SYSTEMPATH\Database\BaseBuilder.php(1585): CodeIgniter\Database\BaseConnection->query('SELECT *
FROM `country`', [], false)
 3 SYSTEMPATH\Model.php(223): CodeIgniter\Database\BaseBuilder->get()
 4 SYSTEMPATH\BaseModel.php(585): CodeIgniter\Model->doFindAll(0, 0)
 5 APPPATH\Controllers\Home.php(11): CodeIgniter\BaseModel->findAll()
 6 SYSTEMPATH\CodeIgniter.php(927): App\Controllers\Home->index()
 7 SYSTEMPATH\CodeIgniter.php(482): CodeIgniter\CodeIgniter->runController(Object(App\Controllers\Home))
 8 SYSTEMPATH\CodeIgniter.php(351): CodeIgniter\CodeIgniter->handleRequest(null, Object(Config\Cache), false)
 9 FCPATH\index.php(67): CodeIgniter\CodeIgniter->run()
10 SYSTEMPATH\Commands\Server\rewrite.php(46): require_once('FCPATH\\index.php')
ERROR - 2022-11-06 23:07:48 --> Error connecting to the database: mysqli_sql_exception: Access denied for user ''@'localhost' (using password: NO) in C:\kerjaan baru 2022\tes_bpjs_form\system\Database\MySQLi\Connection.php:171
Stack trace:
#0 C:\kerjaan baru 2022\tes_bpjs_form\system\Database\MySQLi\Connection.php(171): mysqli->real_connect('localhost', '', '', '', 3306, '', 0)
#1 C:\kerjaan baru 2022\tes_bpjs_form\system\Database\BaseConnection.php(382): CodeIgniter\Database\MySQLi\Connection->connect(false)
#2 C:\kerjaan baru 2022\tes_bpjs_form\system\Database\BaseConnection.php(561): CodeIgniter\Database\BaseConnection->initialize()
#3 C:\kerjaan baru 2022\tes_bpjs_form\system\Database\BaseBuilder.php(1585): CodeIgniter\Database\BaseConnection->query('SELECT *\nFROM `...', Array, false)
#4 C:\kerjaan baru 2022\tes_bpjs_form\system\Model.php(223): CodeIgniter\Database\BaseBuilder->get()
#5 C:\kerjaan baru 2022\tes_bpjs_form\system\BaseModel.php(585): CodeIgniter\Model->doFindAll(0, 0)
#6 C:\kerjaan baru 2022\tes_bpjs_form\app\Controllers\Home.php(11): CodeIgniter\BaseModel->findAll()
#7 C:\kerjaan baru 2022\tes_bpjs_form\system\CodeIgniter.php(927): App\Controllers\Home->index()
#8 C:\kerjaan baru 2022\tes_bpjs_form\system\CodeIgniter.php(482): CodeIgniter\CodeIgniter->runController(Object(App\Controllers\Home))
#9 C:\kerjaan baru 2022\tes_bpjs_form\system\CodeIgniter.php(351): CodeIgniter\CodeIgniter->handleRequest(NULL, Object(Config\Cache), false)
#10 C:\kerjaan baru 2022\tes_bpjs_form\public\index.php(67): CodeIgniter\CodeIgniter->run()
#11 C:\kerjaan baru 2022\tes_bpjs_form\system\Commands\Server\rewrite.php(46): require_once('C:\\kerjaan baru...')
#12 {main}

Next CodeIgniter\Database\Exceptions\DatabaseException: Access denied for user ''@'localhost' (using password: NO) in C:\kerjaan baru 2022\tes_bpjs_form\system\Database\MySQLi\Connection.php:215
Stack trace:
#0 C:\kerjaan baru 2022\tes_bpjs_form\system\Database\BaseConnection.php(382): CodeIgniter\Database\MySQLi\Connection->connect(false)
#1 C:\kerjaan baru 2022\tes_bpjs_form\system\Database\BaseConnection.php(561): CodeIgniter\Database\BaseConnection->initialize()
#2 C:\kerjaan baru 2022\tes_bpjs_form\system\Database\BaseBuilder.php(1585): CodeIgniter\Database\BaseConnection->query('SELECT *\nFROM `...', Array, false)
#3 C:\kerjaan baru 2022\tes_bpjs_form\system\Model.php(223): CodeIgniter\Database\BaseBuilder->get()
#4 C:\kerjaan baru 2022\tes_bpjs_form\system\BaseModel.php(585): CodeIgniter\Model->doFindAll(0, 0)
#5 C:\kerjaan baru 2022\tes_bpjs_form\app\Controllers\Home.php(11): CodeIgniter\BaseModel->findAll()
#6 C:\kerjaan baru 2022\tes_bpjs_form\system\CodeIgniter.php(927): App\Controllers\Home->index()
#7 C:\kerjaan baru 2022\tes_bpjs_form\system\CodeIgniter.php(482): CodeIgniter\CodeIgniter->runController(Object(App\Controllers\Home))
#8 C:\kerjaan baru 2022\tes_bpjs_form\system\CodeIgniter.php(351): CodeIgniter\CodeIgniter->handleRequest(NULL, Object(Config\Cache), false)
#9 C:\kerjaan baru 2022\tes_bpjs_form\public\index.php(67): CodeIgniter\CodeIgniter->run()
#10 C:\kerjaan baru 2022\tes_bpjs_form\system\Commands\Server\rewrite.php(46): require_once('C:\\kerjaan baru...')
#11 {main}
CRITICAL - 2022-11-06 23:07:48 --> Unable to connect to the database.
Main connection [MySQLi]: Access denied for user ''@'localhost' (using password: NO)
in SYSTEMPATH\Database\BaseConnection.php on line 418.
 1 SYSTEMPATH\Database\BaseConnection.php(561): CodeIgniter\Database\BaseConnection->initialize()
 2 SYSTEMPATH\Database\BaseBuilder.php(1585): CodeIgniter\Database\BaseConnection->query('SELECT *
FROM `country`', [], false)
 3 SYSTEMPATH\Model.php(223): CodeIgniter\Database\BaseBuilder->get()
 4 SYSTEMPATH\BaseModel.php(585): CodeIgniter\Model->doFindAll(0, 0)
 5 APPPATH\Controllers\Home.php(11): CodeIgniter\BaseModel->findAll()
 6 SYSTEMPATH\CodeIgniter.php(927): App\Controllers\Home->index()
 7 SYSTEMPATH\CodeIgniter.php(482): CodeIgniter\CodeIgniter->runController(Object(App\Controllers\Home))
 8 SYSTEMPATH\CodeIgniter.php(351): CodeIgniter\CodeIgniter->handleRequest(null, Object(Config\Cache), false)
 9 FCPATH\index.php(67): CodeIgniter\CodeIgniter->run()
10 SYSTEMPATH\Commands\Server\rewrite.php(46): require_once('FCPATH\\index.php')
ERROR - 2022-11-06 23:15:03 --> Error connecting to the database: mysqli_sql_exception: Access denied for user ''@'localhost' (using password: NO) in C:\kerjaan baru 2022\tes_bpjs_form\system\Database\MySQLi\Connection.php:171
Stack trace:
#0 C:\kerjaan baru 2022\tes_bpjs_form\system\Database\MySQLi\Connection.php(171): mysqli->real_connect('localhost', '', '', '', 3306, '', 0)
#1 C:\kerjaan baru 2022\tes_bpjs_form\system\Database\BaseConnection.php(382): CodeIgniter\Database\MySQLi\Connection->connect(false)
#2 C:\kerjaan baru 2022\tes_bpjs_form\system\Database\BaseConnection.php(561): CodeIgniter\Database\BaseConnection->initialize()
#3 C:\kerjaan baru 2022\tes_bpjs_form\system\Database\BaseBuilder.php(1585): CodeIgniter\Database\BaseConnection->query('SELECT *\nFROM `...', Array, false)
#4 C:\kerjaan baru 2022\tes_bpjs_form\system\Model.php(223): CodeIgniter\Database\BaseBuilder->get()
#5 C:\kerjaan baru 2022\tes_bpjs_form\system\BaseModel.php(585): CodeIgniter\Model->doFindAll(0, 0)
#6 C:\kerjaan baru 2022\tes_bpjs_form\app\Controllers\Home.php(11): CodeIgniter\BaseModel->findAll()
#7 C:\kerjaan baru 2022\tes_bpjs_form\system\CodeIgniter.php(927): App\Controllers\Home->index()
#8 C:\kerjaan baru 2022\tes_bpjs_form\system\CodeIgniter.php(482): CodeIgniter\CodeIgniter->runController(Object(App\Controllers\Home))
#9 C:\kerjaan baru 2022\tes_bpjs_form\system\CodeIgniter.php(351): CodeIgniter\CodeIgniter->handleRequest(NULL, Object(Config\Cache), false)
#10 C:\kerjaan baru 2022\tes_bpjs_form\public\index.php(67): CodeIgniter\CodeIgniter->run()
#11 C:\kerjaan baru 2022\tes_bpjs_form\system\Commands\Server\rewrite.php(46): require_once('C:\\kerjaan baru...')
#12 {main}

Next CodeIgniter\Database\Exceptions\DatabaseException: Access denied for user ''@'localhost' (using password: NO) in C:\kerjaan baru 2022\tes_bpjs_form\system\Database\MySQLi\Connection.php:215
Stack trace:
#0 C:\kerjaan baru 2022\tes_bpjs_form\system\Database\BaseConnection.php(382): CodeIgniter\Database\MySQLi\Connection->connect(false)
#1 C:\kerjaan baru 2022\tes_bpjs_form\system\Database\BaseConnection.php(561): CodeIgniter\Database\BaseConnection->initialize()
#2 C:\kerjaan baru 2022\tes_bpjs_form\system\Database\BaseBuilder.php(1585): CodeIgniter\Database\BaseConnection->query('SELECT *\nFROM `...', Array, false)
#3 C:\kerjaan baru 2022\tes_bpjs_form\system\Model.php(223): CodeIgniter\Database\BaseBuilder->get()
#4 C:\kerjaan baru 2022\tes_bpjs_form\system\BaseModel.php(585): CodeIgniter\Model->doFindAll(0, 0)
#5 C:\kerjaan baru 2022\tes_bpjs_form\app\Controllers\Home.php(11): CodeIgniter\BaseModel->findAll()
#6 C:\kerjaan baru 2022\tes_bpjs_form\system\CodeIgniter.php(927): App\Controllers\Home->index()
#7 C:\kerjaan baru 2022\tes_bpjs_form\system\CodeIgniter.php(482): CodeIgniter\CodeIgniter->runController(Object(App\Controllers\Home))
#8 C:\kerjaan baru 2022\tes_bpjs_form\system\CodeIgniter.php(351): CodeIgniter\CodeIgniter->handleRequest(NULL, Object(Config\Cache), false)
#9 C:\kerjaan baru 2022\tes_bpjs_form\public\index.php(67): CodeIgniter\CodeIgniter->run()
#10 C:\kerjaan baru 2022\tes_bpjs_form\system\Commands\Server\rewrite.php(46): require_once('C:\\kerjaan baru...')
#11 {main}
CRITICAL - 2022-11-06 23:15:03 --> Unable to connect to the database.
Main connection [MySQLi]: Access denied for user ''@'localhost' (using password: NO)
in SYSTEMPATH\Database\BaseConnection.php on line 418.
 1 SYSTEMPATH\Database\BaseConnection.php(561): CodeIgniter\Database\BaseConnection->initialize()
 2 SYSTEMPATH\Database\BaseBuilder.php(1585): CodeIgniter\Database\BaseConnection->query('SELECT *
FROM `country`', [], false)
 3 SYSTEMPATH\Model.php(223): CodeIgniter\Database\BaseBuilder->get()
 4 SYSTEMPATH\BaseModel.php(585): CodeIgniter\Model->doFindAll(0, 0)
 5 APPPATH\Controllers\Home.php(11): CodeIgniter\BaseModel->findAll()
 6 SYSTEMPATH\CodeIgniter.php(927): App\Controllers\Home->index()
 7 SYSTEMPATH\CodeIgniter.php(482): CodeIgniter\CodeIgniter->runController(Object(App\Controllers\Home))
 8 SYSTEMPATH\CodeIgniter.php(351): CodeIgniter\CodeIgniter->handleRequest(null, Object(Config\Cache), false)
 9 FCPATH\index.php(67): CodeIgniter\CodeIgniter->run()
10 SYSTEMPATH\Commands\Server\rewrite.php(46): require_once('FCPATH\\index.php')
ERROR - 2022-11-06 23:18:08 --> Error connecting to the database: mysqli_sql_exception: Access denied for user ''@'localhost' (using password: NO) in C:\kerjaan baru 2022\tes_bpjs_form\system\Database\MySQLi\Connection.php:171
Stack trace:
#0 C:\kerjaan baru 2022\tes_bpjs_form\system\Database\MySQLi\Connection.php(171): mysqli->real_connect('localhost', '', '', '', 3306, '', 0)
#1 C:\kerjaan baru 2022\tes_bpjs_form\system\Database\BaseConnection.php(382): CodeIgniter\Database\MySQLi\Connection->connect(false)
#2 C:\kerjaan baru 2022\tes_bpjs_form\system\Database\BaseConnection.php(561): CodeIgniter\Database\BaseConnection->initialize()
#3 C:\kerjaan baru 2022\tes_bpjs_form\system\Database\BaseBuilder.php(1585): CodeIgniter\Database\BaseConnection->query('SELECT *\nFROM `...', Array, false)
#4 C:\kerjaan baru 2022\tes_bpjs_form\system\Model.php(223): CodeIgniter\Database\BaseBuilder->get()
#5 C:\kerjaan baru 2022\tes_bpjs_form\system\BaseModel.php(585): CodeIgniter\Model->doFindAll(0, 0)
#6 C:\kerjaan baru 2022\tes_bpjs_form\app\Controllers\Home.php(11): CodeIgniter\BaseModel->findAll()
#7 C:\kerjaan baru 2022\tes_bpjs_form\system\CodeIgniter.php(927): App\Controllers\Home->index()
#8 C:\kerjaan baru 2022\tes_bpjs_form\system\CodeIgniter.php(482): CodeIgniter\CodeIgniter->runController(Object(App\Controllers\Home))
#9 C:\kerjaan baru 2022\tes_bpjs_form\system\CodeIgniter.php(351): CodeIgniter\CodeIgniter->handleRequest(NULL, Object(Config\Cache), false)
#10 C:\kerjaan baru 2022\tes_bpjs_form\public\index.php(67): CodeIgniter\CodeIgniter->run()
#11 C:\kerjaan baru 2022\tes_bpjs_form\system\Commands\Server\rewrite.php(46): require_once('C:\\kerjaan baru...')
#12 {main}

Next CodeIgniter\Database\Exceptions\DatabaseException: Access denied for user ''@'localhost' (using password: NO) in C:\kerjaan baru 2022\tes_bpjs_form\system\Database\MySQLi\Connection.php:215
Stack trace:
#0 C:\kerjaan baru 2022\tes_bpjs_form\system\Database\BaseConnection.php(382): CodeIgniter\Database\MySQLi\Connection->connect(false)
#1 C:\kerjaan baru 2022\tes_bpjs_form\system\Database\BaseConnection.php(561): CodeIgniter\Database\BaseConnection->initialize()
#2 C:\kerjaan baru 2022\tes_bpjs_form\system\Database\BaseBuilder.php(1585): CodeIgniter\Database\BaseConnection->query('SELECT *\nFROM `...', Array, false)
#3 C:\kerjaan baru 2022\tes_bpjs_form\system\Model.php(223): CodeIgniter\Database\BaseBuilder->get()
#4 C:\kerjaan baru 2022\tes_bpjs_form\system\BaseModel.php(585): CodeIgniter\Model->doFindAll(0, 0)
#5 C:\kerjaan baru 2022\tes_bpjs_form\app\Controllers\Home.php(11): CodeIgniter\BaseModel->findAll()
#6 C:\kerjaan baru 2022\tes_bpjs_form\system\CodeIgniter.php(927): App\Controllers\Home->index()
#7 C:\kerjaan baru 2022\tes_bpjs_form\system\CodeIgniter.php(482): CodeIgniter\CodeIgniter->runController(Object(App\Controllers\Home))
#8 C:\kerjaan baru 2022\tes_bpjs_form\system\CodeIgniter.php(351): CodeIgniter\CodeIgniter->handleRequest(NULL, Object(Config\Cache), false)
#9 C:\kerjaan baru 2022\tes_bpjs_form\public\index.php(67): CodeIgniter\CodeIgniter->run()
#10 C:\kerjaan baru 2022\tes_bpjs_form\system\Commands\Server\rewrite.php(46): require_once('C:\\kerjaan baru...')
#11 {main}
CRITICAL - 2022-11-06 23:18:08 --> Unable to connect to the database.
Main connection [MySQLi]: Access denied for user ''@'localhost' (using password: NO)
in SYSTEMPATH\Database\BaseConnection.php on line 418.
 1 SYSTEMPATH\Database\BaseConnection.php(561): CodeIgniter\Database\BaseConnection->initialize()
 2 SYSTEMPATH\Database\BaseBuilder.php(1585): CodeIgniter\Database\BaseConnection->query('SELECT *
FROM `country`', [], false)
 3 SYSTEMPATH\Model.php(223): CodeIgniter\Database\BaseBuilder->get()
 4 SYSTEMPATH\BaseModel.php(585): CodeIgniter\Model->doFindAll(0, 0)
 5 APPPATH\Controllers\Home.php(11): CodeIgniter\BaseModel->findAll()
 6 SYSTEMPATH\CodeIgniter.php(927): App\Controllers\Home->index()
 7 SYSTEMPATH\CodeIgniter.php(482): CodeIgniter\CodeIgniter->runController(Object(App\Controllers\Home))
 8 SYSTEMPATH\CodeIgniter.php(351): CodeIgniter\CodeIgniter->handleRequest(null, Object(Config\Cache), false)
 9 FCPATH\index.php(67): CodeIgniter\CodeIgniter->run()
10 SYSTEMPATH\Commands\Server\rewrite.php(46): require_once('FCPATH\\index.php')
ERROR - 2022-11-06 23:18:19 --> Error connecting to the database: mysqli_sql_exception: Access denied for user ''@'localhost' (using password: NO) in C:\kerjaan baru 2022\tes_bpjs_form\system\Database\MySQLi\Connection.php:171
Stack trace:
#0 C:\kerjaan baru 2022\tes_bpjs_form\system\Database\MySQLi\Connection.php(171): mysqli->real_connect('localhost', '', '', '', 3306, '', 0)
#1 C:\kerjaan baru 2022\tes_bpjs_form\system\Database\BaseConnection.php(382): CodeIgniter\Database\MySQLi\Connection->connect(false)
#2 C:\kerjaan baru 2022\tes_bpjs_form\system\Database\BaseConnection.php(561): CodeIgniter\Database\BaseConnection->initialize()
#3 C:\kerjaan baru 2022\tes_bpjs_form\system\Database\BaseBuilder.php(1585): CodeIgniter\Database\BaseConnection->query('SELECT *\nFROM `...', Array, false)
#4 C:\kerjaan baru 2022\tes_bpjs_form\system\Model.php(223): CodeIgniter\Database\BaseBuilder->get()
#5 C:\kerjaan baru 2022\tes_bpjs_form\system\BaseModel.php(585): CodeIgniter\Model->doFindAll(0, 0)
#6 C:\kerjaan baru 2022\tes_bpjs_form\app\Controllers\Home.php(11): CodeIgniter\BaseModel->findAll()
#7 C:\kerjaan baru 2022\tes_bpjs_form\system\CodeIgniter.php(927): App\Controllers\Home->index()
#8 C:\kerjaan baru 2022\tes_bpjs_form\system\CodeIgniter.php(482): CodeIgniter\CodeIgniter->runController(Object(App\Controllers\Home))
#9 C:\kerjaan baru 2022\tes_bpjs_form\system\CodeIgniter.php(351): CodeIgniter\CodeIgniter->handleRequest(NULL, Object(Config\Cache), false)
#10 C:\kerjaan baru 2022\tes_bpjs_form\public\index.php(67): CodeIgniter\CodeIgniter->run()
#11 C:\kerjaan baru 2022\tes_bpjs_form\system\Commands\Server\rewrite.php(46): require_once('C:\\kerjaan baru...')
#12 {main}

Next CodeIgniter\Database\Exceptions\DatabaseException: Access denied for user ''@'localhost' (using password: NO) in C:\kerjaan baru 2022\tes_bpjs_form\system\Database\MySQLi\Connection.php:215
Stack trace:
#0 C:\kerjaan baru 2022\tes_bpjs_form\system\Database\BaseConnection.php(382): CodeIgniter\Database\MySQLi\Connection->connect(false)
#1 C:\kerjaan baru 2022\tes_bpjs_form\system\Database\BaseConnection.php(561): CodeIgniter\Database\BaseConnection->initialize()
#2 C:\kerjaan baru 2022\tes_bpjs_form\system\Database\BaseBuilder.php(1585): CodeIgniter\Database\BaseConnection->query('SELECT *\nFROM `...', Array, false)
#3 C:\kerjaan baru 2022\tes_bpjs_form\system\Model.php(223): CodeIgniter\Database\BaseBuilder->get()
#4 C:\kerjaan baru 2022\tes_bpjs_form\system\BaseModel.php(585): CodeIgniter\Model->doFindAll(0, 0)
#5 C:\kerjaan baru 2022\tes_bpjs_form\app\Controllers\Home.php(11): CodeIgniter\BaseModel->findAll()
#6 C:\kerjaan baru 2022\tes_bpjs_form\system\CodeIgniter.php(927): App\Controllers\Home->index()
#7 C:\kerjaan baru 2022\tes_bpjs_form\system\CodeIgniter.php(482): CodeIgniter\CodeIgniter->runController(Object(App\Controllers\Home))
#8 C:\kerjaan baru 2022\tes_bpjs_form\system\CodeIgniter.php(351): CodeIgniter\CodeIgniter->handleRequest(NULL, Object(Config\Cache), false)
#9 C:\kerjaan baru 2022\tes_bpjs_form\public\index.php(67): CodeIgniter\CodeIgniter->run()
#10 C:\kerjaan baru 2022\tes_bpjs_form\system\Commands\Server\rewrite.php(46): require_once('C:\\kerjaan baru...')
#11 {main}
CRITICAL - 2022-11-06 23:18:19 --> Unable to connect to the database.
Main connection [MySQLi]: Access denied for user ''@'localhost' (using password: NO)
in SYSTEMPATH\Database\BaseConnection.php on line 418.
 1 SYSTEMPATH\Database\BaseConnection.php(561): CodeIgniter\Database\BaseConnection->initialize()
 2 SYSTEMPATH\Database\BaseBuilder.php(1585): CodeIgniter\Database\BaseConnection->query('SELECT *
FROM `country`', [], false)
 3 SYSTEMPATH\Model.php(223): CodeIgniter\Database\BaseBuilder->get()
 4 SYSTEMPATH\BaseModel.php(585): CodeIgniter\Model->doFindAll(0, 0)
 5 APPPATH\Controllers\Home.php(11): CodeIgniter\BaseModel->findAll()
 6 SYSTEMPATH\CodeIgniter.php(927): App\Controllers\Home->index()
 7 SYSTEMPATH\CodeIgniter.php(482): CodeIgniter\CodeIgniter->runController(Object(App\Controllers\Home))
 8 SYSTEMPATH\CodeIgniter.php(351): CodeIgniter\CodeIgniter->handleRequest(null, Object(Config\Cache), false)
 9 FCPATH\index.php(67): CodeIgniter\CodeIgniter->run()
10 SYSTEMPATH\Commands\Server\rewrite.php(46): require_once('FCPATH\\index.php')
ERROR - 2022-11-06 23:18:20 --> Error connecting to the database: mysqli_sql_exception: Access denied for user ''@'localhost' (using password: NO) in C:\kerjaan baru 2022\tes_bpjs_form\system\Database\MySQLi\Connection.php:171
Stack trace:
#0 C:\kerjaan baru 2022\tes_bpjs_form\system\Database\MySQLi\Connection.php(171): mysqli->real_connect('localhost', '', '', '', 3306, '', 0)
#1 C:\kerjaan baru 2022\tes_bpjs_form\system\Database\BaseConnection.php(382): CodeIgniter\Database\MySQLi\Connection->connect(false)
#2 C:\kerjaan baru 2022\tes_bpjs_form\system\Database\BaseConnection.php(561): CodeIgniter\Database\BaseConnection->initialize()
#3 C:\kerjaan baru 2022\tes_bpjs_form\system\Database\BaseBuilder.php(1585): CodeIgniter\Database\BaseConnection->query('SELECT *\nFROM `...', Array, false)
#4 C:\kerjaan baru 2022\tes_bpjs_form\system\Model.php(223): CodeIgniter\Database\BaseBuilder->get()
#5 C:\kerjaan baru 2022\tes_bpjs_form\system\BaseModel.php(585): CodeIgniter\Model->doFindAll(0, 0)
#6 C:\kerjaan baru 2022\tes_bpjs_form\app\Controllers\Home.php(11): CodeIgniter\BaseModel->findAll()
#7 C:\kerjaan baru 2022\tes_bpjs_form\system\CodeIgniter.php(927): App\Controllers\Home->index()
#8 C:\kerjaan baru 2022\tes_bpjs_form\system\CodeIgniter.php(482): CodeIgniter\CodeIgniter->runController(Object(App\Controllers\Home))
#9 C:\kerjaan baru 2022\tes_bpjs_form\system\CodeIgniter.php(351): CodeIgniter\CodeIgniter->handleRequest(NULL, Object(Config\Cache), false)
#10 C:\kerjaan baru 2022\tes_bpjs_form\public\index.php(67): CodeIgniter\CodeIgniter->run()
#11 C:\kerjaan baru 2022\tes_bpjs_form\system\Commands\Server\rewrite.php(46): require_once('C:\\kerjaan baru...')
#12 {main}

Next CodeIgniter\Database\Exceptions\DatabaseException: Access denied for user ''@'localhost' (using password: NO) in C:\kerjaan baru 2022\tes_bpjs_form\system\Database\MySQLi\Connection.php:215
Stack trace:
#0 C:\kerjaan baru 2022\tes_bpjs_form\system\Database\BaseConnection.php(382): CodeIgniter\Database\MySQLi\Connection->connect(false)
#1 C:\kerjaan baru 2022\tes_bpjs_form\system\Database\BaseConnection.php(561): CodeIgniter\Database\BaseConnection->initialize()
#2 C:\kerjaan baru 2022\tes_bpjs_form\system\Database\BaseBuilder.php(1585): CodeIgniter\Database\BaseConnection->query('SELECT *\nFROM `...', Array, false)
#3 C:\kerjaan baru 2022\tes_bpjs_form\system\Model.php(223): CodeIgniter\Database\BaseBuilder->get()
#4 C:\kerjaan baru 2022\tes_bpjs_form\system\BaseModel.php(585): CodeIgniter\Model->doFindAll(0, 0)
#5 C:\kerjaan baru 2022\tes_bpjs_form\app\Controllers\Home.php(11): CodeIgniter\BaseModel->findAll()
#6 C:\kerjaan baru 2022\tes_bpjs_form\system\CodeIgniter.php(927): App\Controllers\Home->index()
#7 C:\kerjaan baru 2022\tes_bpjs_form\system\CodeIgniter.php(482): CodeIgniter\CodeIgniter->runController(Object(App\Controllers\Home))
#8 C:\kerjaan baru 2022\tes_bpjs_form\system\CodeIgniter.php(351): CodeIgniter\CodeIgniter->handleRequest(NULL, Object(Config\Cache), false)
#9 C:\kerjaan baru 2022\tes_bpjs_form\public\index.php(67): CodeIgniter\CodeIgniter->run()
#10 C:\kerjaan baru 2022\tes_bpjs_form\system\Commands\Server\rewrite.php(46): require_once('C:\\kerjaan baru...')
#11 {main}
CRITICAL - 2022-11-06 23:18:20 --> Unable to connect to the database.
Main connection [MySQLi]: Access denied for user ''@'localhost' (using password: NO)
in SYSTEMPATH\Database\BaseConnection.php on line 418.
 1 SYSTEMPATH\Database\BaseConnection.php(561): CodeIgniter\Database\BaseConnection->initialize()
 2 SYSTEMPATH\Database\BaseBuilder.php(1585): CodeIgniter\Database\BaseConnection->query('SELECT *
FROM `country`', [], false)
 3 SYSTEMPATH\Model.php(223): CodeIgniter\Database\BaseBuilder->get()
 4 SYSTEMPATH\BaseModel.php(585): CodeIgniter\Model->doFindAll(0, 0)
 5 APPPATH\Controllers\Home.php(11): CodeIgniter\BaseModel->findAll()
 6 SYSTEMPATH\CodeIgniter.php(927): App\Controllers\Home->index()
 7 SYSTEMPATH\CodeIgniter.php(482): CodeIgniter\CodeIgniter->runController(Object(App\Controllers\Home))
 8 SYSTEMPATH\CodeIgniter.php(351): CodeIgniter\CodeIgniter->handleRequest(null, Object(Config\Cache), false)
 9 FCPATH\index.php(67): CodeIgniter\CodeIgniter->run()
10 SYSTEMPATH\Commands\Server\rewrite.php(46): require_once('FCPATH\\index.php')
ERROR - 2022-11-06 23:18:21 --> Error connecting to the database: mysqli_sql_exception: Access denied for user ''@'localhost' (using password: NO) in C:\kerjaan baru 2022\tes_bpjs_form\system\Database\MySQLi\Connection.php:171
Stack trace:
#0 C:\kerjaan baru 2022\tes_bpjs_form\system\Database\MySQLi\Connection.php(171): mysqli->real_connect('localhost', '', '', '', 3306, '', 0)
#1 C:\kerjaan baru 2022\tes_bpjs_form\system\Database\BaseConnection.php(382): CodeIgniter\Database\MySQLi\Connection->connect(false)
#2 C:\kerjaan baru 2022\tes_bpjs_form\system\Database\BaseConnection.php(561): CodeIgniter\Database\BaseConnection->initialize()
#3 C:\kerjaan baru 2022\tes_bpjs_form\system\Database\BaseBuilder.php(1585): CodeIgniter\Database\BaseConnection->query('SELECT *\nFROM `...', Array, false)
#4 C:\kerjaan baru 2022\tes_bpjs_form\system\Model.php(223): CodeIgniter\Database\BaseBuilder->get()
#5 C:\kerjaan baru 2022\tes_bpjs_form\system\BaseModel.php(585): CodeIgniter\Model->doFindAll(0, 0)
#6 C:\kerjaan baru 2022\tes_bpjs_form\app\Controllers\Home.php(11): CodeIgniter\BaseModel->findAll()
#7 C:\kerjaan baru 2022\tes_bpjs_form\system\CodeIgniter.php(927): App\Controllers\Home->index()
#8 C:\kerjaan baru 2022\tes_bpjs_form\system\CodeIgniter.php(482): CodeIgniter\CodeIgniter->runController(Object(App\Controllers\Home))
#9 C:\kerjaan baru 2022\tes_bpjs_form\system\CodeIgniter.php(351): CodeIgniter\CodeIgniter->handleRequest(NULL, Object(Config\Cache), false)
#10 C:\kerjaan baru 2022\tes_bpjs_form\public\index.php(67): CodeIgniter\CodeIgniter->run()
#11 C:\kerjaan baru 2022\tes_bpjs_form\system\Commands\Server\rewrite.php(46): require_once('C:\\kerjaan baru...')
#12 {main}

Next CodeIgniter\Database\Exceptions\DatabaseException: Access denied for user ''@'localhost' (using password: NO) in C:\kerjaan baru 2022\tes_bpjs_form\system\Database\MySQLi\Connection.php:215
Stack trace:
#0 C:\kerjaan baru 2022\tes_bpjs_form\system\Database\BaseConnection.php(382): CodeIgniter\Database\MySQLi\Connection->connect(false)
#1 C:\kerjaan baru 2022\tes_bpjs_form\system\Database\BaseConnection.php(561): CodeIgniter\Database\BaseConnection->initialize()
#2 C:\kerjaan baru 2022\tes_bpjs_form\system\Database\BaseBuilder.php(1585): CodeIgniter\Database\BaseConnection->query('SELECT *\nFROM `...', Array, false)
#3 C:\kerjaan baru 2022\tes_bpjs_form\system\Model.php(223): CodeIgniter\Database\BaseBuilder->get()
#4 C:\kerjaan baru 2022\tes_bpjs_form\system\BaseModel.php(585): CodeIgniter\Model->doFindAll(0, 0)
#5 C:\kerjaan baru 2022\tes_bpjs_form\app\Controllers\Home.php(11): CodeIgniter\BaseModel->findAll()
#6 C:\kerjaan baru 2022\tes_bpjs_form\system\CodeIgniter.php(927): App\Controllers\Home->index()
#7 C:\kerjaan baru 2022\tes_bpjs_form\system\CodeIgniter.php(482): CodeIgniter\CodeIgniter->runController(Object(App\Controllers\Home))
#8 C:\kerjaan baru 2022\tes_bpjs_form\system\CodeIgniter.php(351): CodeIgniter\CodeIgniter->handleRequest(NULL, Object(Config\Cache), false)
#9 C:\kerjaan baru 2022\tes_bpjs_form\public\index.php(67): CodeIgniter\CodeIgniter->run()
#10 C:\kerjaan baru 2022\tes_bpjs_form\system\Commands\Server\rewrite.php(46): require_once('C:\\kerjaan baru...')
#11 {main}
CRITICAL - 2022-11-06 23:18:21 --> Unable to connect to the database.
Main connection [MySQLi]: Access denied for user ''@'localhost' (using password: NO)
in SYSTEMPATH\Database\BaseConnection.php on line 418.
 1 SYSTEMPATH\Database\BaseConnection.php(561): CodeIgniter\Database\BaseConnection->initialize()
 2 SYSTEMPATH\Database\BaseBuilder.php(1585): CodeIgniter\Database\BaseConnection->query('SELECT *
FROM `country`', [], false)
 3 SYSTEMPATH\Model.php(223): CodeIgniter\Database\BaseBuilder->get()
 4 SYSTEMPATH\BaseModel.php(585): CodeIgniter\Model->doFindAll(0, 0)
 5 APPPATH\Controllers\Home.php(11): CodeIgniter\BaseModel->findAll()
 6 SYSTEMPATH\CodeIgniter.php(927): App\Controllers\Home->index()
 7 SYSTEMPATH\CodeIgniter.php(482): CodeIgniter\CodeIgniter->runController(Object(App\Controllers\Home))
 8 SYSTEMPATH\CodeIgniter.php(351): CodeIgniter\CodeIgniter->handleRequest(null, Object(Config\Cache), false)
 9 FCPATH\index.php(67): CodeIgniter\CodeIgniter->run()
10 SYSTEMPATH\Commands\Server\rewrite.php(46): require_once('FCPATH\\index.php')
ERROR - 2022-11-06 23:23:09 --> Error connecting to the database: mysqli_sql_exception: Access denied for user ''@'localhost' (using password: NO) in C:\kerjaan baru 2022\tes_bpjs_form\system\Database\MySQLi\Connection.php:171
Stack trace:
#0 C:\kerjaan baru 2022\tes_bpjs_form\system\Database\MySQLi\Connection.php(171): mysqli->real_connect('localhost', '', '', '', 3306, '', 0)
#1 C:\kerjaan baru 2022\tes_bpjs_form\system\Database\BaseConnection.php(382): CodeIgniter\Database\MySQLi\Connection->connect(false)
#2 C:\kerjaan baru 2022\tes_bpjs_form\system\Database\BaseConnection.php(561): CodeIgniter\Database\BaseConnection->initialize()
#3 C:\kerjaan baru 2022\tes_bpjs_form\system\Database\BaseBuilder.php(1585): CodeIgniter\Database\BaseConnection->query('SELECT *\nFROM `...', Array, false)
#4 C:\kerjaan baru 2022\tes_bpjs_form\system\Model.php(223): CodeIgniter\Database\BaseBuilder->get()
#5 C:\kerjaan baru 2022\tes_bpjs_form\system\BaseModel.php(585): CodeIgniter\Model->doFindAll(0, 0)
#6 C:\kerjaan baru 2022\tes_bpjs_form\app\Controllers\Home.php(18): CodeIgniter\BaseModel->findAll()
#7 C:\kerjaan baru 2022\tes_bpjs_form\system\CodeIgniter.php(927): App\Controllers\Home->index()
#8 C:\kerjaan baru 2022\tes_bpjs_form\system\CodeIgniter.php(482): CodeIgniter\CodeIgniter->runController(Object(App\Controllers\Home))
#9 C:\kerjaan baru 2022\tes_bpjs_form\system\CodeIgniter.php(351): CodeIgniter\CodeIgniter->handleRequest(NULL, Object(Config\Cache), false)
#10 C:\kerjaan baru 2022\tes_bpjs_form\public\index.php(67): CodeIgniter\CodeIgniter->run()
#11 C:\kerjaan baru 2022\tes_bpjs_form\system\Commands\Server\rewrite.php(46): require_once('C:\\kerjaan baru...')
#12 {main}

Next CodeIgniter\Database\Exceptions\DatabaseException: Access denied for user ''@'localhost' (using password: NO) in C:\kerjaan baru 2022\tes_bpjs_form\system\Database\MySQLi\Connection.php:215
Stack trace:
#0 C:\kerjaan baru 2022\tes_bpjs_form\system\Database\BaseConnection.php(382): CodeIgniter\Database\MySQLi\Connection->connect(false)
#1 C:\kerjaan baru 2022\tes_bpjs_form\system\Database\BaseConnection.php(561): CodeIgniter\Database\BaseConnection->initialize()
#2 C:\kerjaan baru 2022\tes_bpjs_form\system\Database\BaseBuilder.php(1585): CodeIgniter\Database\BaseConnection->query('SELECT *\nFROM `...', Array, false)
#3 C:\kerjaan baru 2022\tes_bpjs_form\system\Model.php(223): CodeIgniter\Database\BaseBuilder->get()
#4 C:\kerjaan baru 2022\tes_bpjs_form\system\BaseModel.php(585): CodeIgniter\Model->doFindAll(0, 0)
#5 C:\kerjaan baru 2022\tes_bpjs_form\app\Controllers\Home.php(18): CodeIgniter\BaseModel->findAll()
#6 C:\kerjaan baru 2022\tes_bpjs_form\system\CodeIgniter.php(927): App\Controllers\Home->index()
#7 C:\kerjaan baru 2022\tes_bpjs_form\system\CodeIgniter.php(482): CodeIgniter\CodeIgniter->runController(Object(App\Controllers\Home))
#8 C:\kerjaan baru 2022\tes_bpjs_form\system\CodeIgniter.php(351): CodeIgniter\CodeIgniter->handleRequest(NULL, Object(Config\Cache), false)
#9 C:\kerjaan baru 2022\tes_bpjs_form\public\index.php(67): CodeIgniter\CodeIgniter->run()
#10 C:\kerjaan baru 2022\tes_bpjs_form\system\Commands\Server\rewrite.php(46): require_once('C:\\kerjaan baru...')
#11 {main}
CRITICAL - 2022-11-06 23:23:09 --> Unable to connect to the database.
Main connection [MySQLi]: Access denied for user ''@'localhost' (using password: NO)
in SYSTEMPATH\Database\BaseConnection.php on line 418.
 1 SYSTEMPATH\Database\BaseConnection.php(561): CodeIgniter\Database\BaseConnection->initialize()
 2 SYSTEMPATH\Database\BaseBuilder.php(1585): CodeIgniter\Database\BaseConnection->query('SELECT *
FROM `country`', [], false)
 3 SYSTEMPATH\Model.php(223): CodeIgniter\Database\BaseBuilder->get()
 4 SYSTEMPATH\BaseModel.php(585): CodeIgniter\Model->doFindAll(0, 0)
 5 APPPATH\Controllers\Home.php(18): CodeIgniter\BaseModel->findAll()
 6 SYSTEMPATH\CodeIgniter.php(927): App\Controllers\Home->index()
 7 SYSTEMPATH\CodeIgniter.php(482): CodeIgniter\CodeIgniter->runController(Object(App\Controllers\Home))
 8 SYSTEMPATH\CodeIgniter.php(351): CodeIgniter\CodeIgniter->handleRequest(null, Object(Config\Cache), false)
 9 FCPATH\index.php(67): CodeIgniter\CodeIgniter->run()
10 SYSTEMPATH\Commands\Server\rewrite.php(46): require_once('FCPATH\\index.php')
ERROR - 2022-11-06 23:26:01 --> Error connecting to the database: mysqli_sql_exception: Access denied for user ''@'localhost' (using password: NO) in C:\kerjaan baru 2022\tes_bpjs_form\system\Database\MySQLi\Connection.php:171
Stack trace:
#0 C:\kerjaan baru 2022\tes_bpjs_form\system\Database\MySQLi\Connection.php(171): mysqli->real_connect('localhost', '', '', '', 3306, '', 0)
#1 C:\kerjaan baru 2022\tes_bpjs_form\system\Database\BaseConnection.php(382): CodeIgniter\Database\MySQLi\Connection->connect(false)
#2 C:\kerjaan baru 2022\tes_bpjs_form\system\Database\BaseConnection.php(561): CodeIgniter\Database\BaseConnection->initialize()
#3 C:\kerjaan baru 2022\tes_bpjs_form\system\Database\BaseBuilder.php(1585): CodeIgniter\Database\BaseConnection->query('SELECT *\nFROM `...', Array, false)
#4 C:\kerjaan baru 2022\tes_bpjs_form\system\Model.php(223): CodeIgniter\Database\BaseBuilder->get()
#5 C:\kerjaan baru 2022\tes_bpjs_form\system\BaseModel.php(585): CodeIgniter\Model->doFindAll(0, 0)
#6 C:\kerjaan baru 2022\tes_bpjs_form\app\Controllers\Home.php(18): CodeIgniter\BaseModel->findAll()
#7 C:\kerjaan baru 2022\tes_bpjs_form\system\CodeIgniter.php(927): App\Controllers\Home->index()
#8 C:\kerjaan baru 2022\tes_bpjs_form\system\CodeIgniter.php(482): CodeIgniter\CodeIgniter->runController(Object(App\Controllers\Home))
#9 C:\kerjaan baru 2022\tes_bpjs_form\system\CodeIgniter.php(351): CodeIgniter\CodeIgniter->handleRequest(NULL, Object(Config\Cache), false)
#10 C:\kerjaan baru 2022\tes_bpjs_form\public\index.php(67): CodeIgniter\CodeIgniter->run()
#11 C:\kerjaan baru 2022\tes_bpjs_form\system\Commands\Server\rewrite.php(46): require_once('C:\\kerjaan baru...')
#12 {main}

Next CodeIgniter\Database\Exceptions\DatabaseException: Access denied for user ''@'localhost' (using password: NO) in C:\kerjaan baru 2022\tes_bpjs_form\system\Database\MySQLi\Connection.php:215
Stack trace:
#0 C:\kerjaan baru 2022\tes_bpjs_form\system\Database\BaseConnection.php(382): CodeIgniter\Database\MySQLi\Connection->connect(false)
#1 C:\kerjaan baru 2022\tes_bpjs_form\system\Database\BaseConnection.php(561): CodeIgniter\Database\BaseConnection->initialize()
#2 C:\kerjaan baru 2022\tes_bpjs_form\system\Database\BaseBuilder.php(1585): CodeIgniter\Database\BaseConnection->query('SELECT *\nFROM `...', Array, false)
#3 C:\kerjaan baru 2022\tes_bpjs_form\system\Model.php(223): CodeIgniter\Database\BaseBuilder->get()
#4 C:\kerjaan baru 2022\tes_bpjs_form\system\BaseModel.php(585): CodeIgniter\Model->doFindAll(0, 0)
#5 C:\kerjaan baru 2022\tes_bpjs_form\app\Controllers\Home.php(18): CodeIgniter\BaseModel->findAll()
#6 C:\kerjaan baru 2022\tes_bpjs_form\system\CodeIgniter.php(927): App\Controllers\Home->index()
#7 C:\kerjaan baru 2022\tes_bpjs_form\system\CodeIgniter.php(482): CodeIgniter\CodeIgniter->runController(Object(App\Controllers\Home))
#8 C:\kerjaan baru 2022\tes_bpjs_form\system\CodeIgniter.php(351): CodeIgniter\CodeIgniter->handleRequest(NULL, Object(Config\Cache), false)
#9 C:\kerjaan baru 2022\tes_bpjs_form\public\index.php(67): CodeIgniter\CodeIgniter->run()
#10 C:\kerjaan baru 2022\tes_bpjs_form\system\Commands\Server\rewrite.php(46): require_once('C:\\kerjaan baru...')
#11 {main}
CRITICAL - 2022-11-06 23:26:01 --> Unable to connect to the database.
Main connection [MySQLi]: Access denied for user ''@'localhost' (using password: NO)
in SYSTEMPATH\Database\BaseConnection.php on line 418.
 1 SYSTEMPATH\Database\BaseConnection.php(561): CodeIgniter\Database\BaseConnection->initialize()
 2 SYSTEMPATH\Database\BaseBuilder.php(1585): CodeIgniter\Database\BaseConnection->query('SELECT *
FROM `country`', [], false)
 3 SYSTEMPATH\Model.php(223): CodeIgniter\Database\BaseBuilder->get()
 4 SYSTEMPATH\BaseModel.php(585): CodeIgniter\Model->doFindAll(0, 0)
 5 APPPATH\Controllers\Home.php(18): CodeIgniter\BaseModel->findAll()
 6 SYSTEMPATH\CodeIgniter.php(927): App\Controllers\Home->index()
 7 SYSTEMPATH\CodeIgniter.php(482): CodeIgniter\CodeIgniter->runController(Object(App\Controllers\Home))
 8 SYSTEMPATH\CodeIgniter.php(351): CodeIgniter\CodeIgniter->handleRequest(null, Object(Config\Cache), false)
 9 FCPATH\index.php(67): CodeIgniter\CodeIgniter->run()
10 SYSTEMPATH\Commands\Server\rewrite.php(46): require_once('FCPATH\\index.php')
ERROR - 2022-11-06 23:26:02 --> Error connecting to the database: mysqli_sql_exception: Access denied for user ''@'localhost' (using password: NO) in C:\kerjaan baru 2022\tes_bpjs_form\system\Database\MySQLi\Connection.php:171
Stack trace:
#0 C:\kerjaan baru 2022\tes_bpjs_form\system\Database\MySQLi\Connection.php(171): mysqli->real_connect('localhost', '', '', '', 3306, '', 0)
#1 C:\kerjaan baru 2022\tes_bpjs_form\system\Database\BaseConnection.php(382): CodeIgniter\Database\MySQLi\Connection->connect(false)
#2 C:\kerjaan baru 2022\tes_bpjs_form\system\Database\BaseConnection.php(561): CodeIgniter\Database\BaseConnection->initialize()
#3 C:\kerjaan baru 2022\tes_bpjs_form\system\Database\BaseBuilder.php(1585): CodeIgniter\Database\BaseConnection->query('SELECT *\nFROM `...', Array, false)
#4 C:\kerjaan baru 2022\tes_bpjs_form\system\Model.php(223): CodeIgniter\Database\BaseBuilder->get()
#5 C:\kerjaan baru 2022\tes_bpjs_form\system\BaseModel.php(585): CodeIgniter\Model->doFindAll(0, 0)
#6 C:\kerjaan baru 2022\tes_bpjs_form\app\Controllers\Home.php(18): CodeIgniter\BaseModel->findAll()
#7 C:\kerjaan baru 2022\tes_bpjs_form\system\CodeIgniter.php(927): App\Controllers\Home->index()
#8 C:\kerjaan baru 2022\tes_bpjs_form\system\CodeIgniter.php(482): CodeIgniter\CodeIgniter->runController(Object(App\Controllers\Home))
#9 C:\kerjaan baru 2022\tes_bpjs_form\system\CodeIgniter.php(351): CodeIgniter\CodeIgniter->handleRequest(NULL, Object(Config\Cache), false)
#10 C:\kerjaan baru 2022\tes_bpjs_form\public\index.php(67): CodeIgniter\CodeIgniter->run()
#11 C:\kerjaan baru 2022\tes_bpjs_form\system\Commands\Server\rewrite.php(46): require_once('C:\\kerjaan baru...')
#12 {main}

Next CodeIgniter\Database\Exceptions\DatabaseException: Access denied for user ''@'localhost' (using password: NO) in C:\kerjaan baru 2022\tes_bpjs_form\system\Database\MySQLi\Connection.php:215
Stack trace:
#0 C:\kerjaan baru 2022\tes_bpjs_form\system\Database\BaseConnection.php(382): CodeIgniter\Database\MySQLi\Connection->connect(false)
#1 C:\kerjaan baru 2022\tes_bpjs_form\system\Database\BaseConnection.php(561): CodeIgniter\Database\BaseConnection->initialize()
#2 C:\kerjaan baru 2022\tes_bpjs_form\system\Database\BaseBuilder.php(1585): CodeIgniter\Database\BaseConnection->query('SELECT *\nFROM `...', Array, false)
#3 C:\kerjaan baru 2022\tes_bpjs_form\system\Model.php(223): CodeIgniter\Database\BaseBuilder->get()
#4 C:\kerjaan baru 2022\tes_bpjs_form\system\BaseModel.php(585): CodeIgniter\Model->doFindAll(0, 0)
#5 C:\kerjaan baru 2022\tes_bpjs_form\app\Controllers\Home.php(18): CodeIgniter\BaseModel->findAll()
#6 C:\kerjaan baru 2022\tes_bpjs_form\system\CodeIgniter.php(927): App\Controllers\Home->index()
#7 C:\kerjaan baru 2022\tes_bpjs_form\system\CodeIgniter.php(482): CodeIgniter\CodeIgniter->runController(Object(App\Controllers\Home))
#8 C:\kerjaan baru 2022\tes_bpjs_form\system\CodeIgniter.php(351): CodeIgniter\CodeIgniter->handleRequest(NULL, Object(Config\Cache), false)
#9 C:\kerjaan baru 2022\tes_bpjs_form\public\index.php(67): CodeIgniter\CodeIgniter->run()
#10 C:\kerjaan baru 2022\tes_bpjs_form\system\Commands\Server\rewrite.php(46): require_once('C:\\kerjaan baru...')
#11 {main}
CRITICAL - 2022-11-06 23:26:02 --> Unable to connect to the database.
Main connection [MySQLi]: Access denied for user ''@'localhost' (using password: NO)
in SYSTEMPATH\Database\BaseConnection.php on line 418.
 1 SYSTEMPATH\Database\BaseConnection.php(561): CodeIgniter\Database\BaseConnection->initialize()
 2 SYSTEMPATH\Database\BaseBuilder.php(1585): CodeIgniter\Database\BaseConnection->query('SELECT *
FROM `country`', [], false)
 3 SYSTEMPATH\Model.php(223): CodeIgniter\Database\BaseBuilder->get()
 4 SYSTEMPATH\BaseModel.php(585): CodeIgniter\Model->doFindAll(0, 0)
 5 APPPATH\Controllers\Home.php(18): CodeIgniter\BaseModel->findAll()
 6 SYSTEMPATH\CodeIgniter.php(927): App\Controllers\Home->index()
 7 SYSTEMPATH\CodeIgniter.php(482): CodeIgniter\CodeIgniter->runController(Object(App\Controllers\Home))
 8 SYSTEMPATH\CodeIgniter.php(351): CodeIgniter\CodeIgniter->handleRequest(null, Object(Config\Cache), false)
 9 FCPATH\index.php(67): CodeIgniter\CodeIgniter->run()
10 SYSTEMPATH\Commands\Server\rewrite.php(46): require_once('FCPATH\\index.php')
ERROR - 2022-11-06 23:28:54 --> Error connecting to the database: mysqli_sql_exception: Access denied for user ''@'localhost' (using password: NO) in C:\kerjaan baru 2022\tes_bpjs_form\system\Database\MySQLi\Connection.php:171
Stack trace:
#0 C:\kerjaan baru 2022\tes_bpjs_form\system\Database\MySQLi\Connection.php(171): mysqli->real_connect('localhost', '', '', '', 3306, '', 0)
#1 C:\kerjaan baru 2022\tes_bpjs_form\system\Database\BaseConnection.php(382): CodeIgniter\Database\MySQLi\Connection->connect(false)
#2 C:\kerjaan baru 2022\tes_bpjs_form\system\Database\BaseConnection.php(561): CodeIgniter\Database\BaseConnection->initialize()
#3 C:\kerjaan baru 2022\tes_bpjs_form\system\Database\BaseBuilder.php(1585): CodeIgniter\Database\BaseConnection->query('SELECT *\nFROM `...', Array, false)
#4 C:\kerjaan baru 2022\tes_bpjs_form\system\Model.php(223): CodeIgniter\Database\BaseBuilder->get()
#5 C:\kerjaan baru 2022\tes_bpjs_form\system\BaseModel.php(585): CodeIgniter\Model->doFindAll(0, 0)
#6 C:\kerjaan baru 2022\tes_bpjs_form\app\Controllers\Home.php(18): CodeIgniter\BaseModel->findAll()
#7 C:\kerjaan baru 2022\tes_bpjs_form\system\CodeIgniter.php(927): App\Controllers\Home->index()
#8 C:\kerjaan baru 2022\tes_bpjs_form\system\CodeIgniter.php(482): CodeIgniter\CodeIgniter->runController(Object(App\Controllers\Home))
#9 C:\kerjaan baru 2022\tes_bpjs_form\system\CodeIgniter.php(351): CodeIgniter\CodeIgniter->handleRequest(NULL, Object(Config\Cache), false)
#10 C:\kerjaan baru 2022\tes_bpjs_form\public\index.php(67): CodeIgniter\CodeIgniter->run()
#11 C:\kerjaan baru 2022\tes_bpjs_form\system\Commands\Server\rewrite.php(46): require_once('C:\\kerjaan baru...')
#12 {main}

Next CodeIgniter\Database\Exceptions\DatabaseException: Access denied for user ''@'localhost' (using password: NO) in C:\kerjaan baru 2022\tes_bpjs_form\system\Database\MySQLi\Connection.php:215
Stack trace:
#0 C:\kerjaan baru 2022\tes_bpjs_form\system\Database\BaseConnection.php(382): CodeIgniter\Database\MySQLi\Connection->connect(false)
#1 C:\kerjaan baru 2022\tes_bpjs_form\system\Database\BaseConnection.php(561): CodeIgniter\Database\BaseConnection->initialize()
#2 C:\kerjaan baru 2022\tes_bpjs_form\system\Database\BaseBuilder.php(1585): CodeIgniter\Database\BaseConnection->query('SELECT *\nFROM `...', Array, false)
#3 C:\kerjaan baru 2022\tes_bpjs_form\system\Model.php(223): CodeIgniter\Database\BaseBuilder->get()
#4 C:\kerjaan baru 2022\tes_bpjs_form\system\BaseModel.php(585): CodeIgniter\Model->doFindAll(0, 0)
#5 C:\kerjaan baru 2022\tes_bpjs_form\app\Controllers\Home.php(18): CodeIgniter\BaseModel->findAll()
#6 C:\kerjaan baru 2022\tes_bpjs_form\system\CodeIgniter.php(927): App\Controllers\Home->index()
#7 C:\kerjaan baru 2022\tes_bpjs_form\system\CodeIgniter.php(482): CodeIgniter\CodeIgniter->runController(Object(App\Controllers\Home))
#8 C:\kerjaan baru 2022\tes_bpjs_form\system\CodeIgniter.php(351): CodeIgniter\CodeIgniter->handleRequest(NULL, Object(Config\Cache), false)
#9 C:\kerjaan baru 2022\tes_bpjs_form\public\index.php(67): CodeIgniter\CodeIgniter->run()
#10 C:\kerjaan baru 2022\tes_bpjs_form\system\Commands\Server\rewrite.php(46): require_once('C:\\kerjaan baru...')
#11 {main}
CRITICAL - 2022-11-06 23:28:54 --> Unable to connect to the database.
Main connection [MySQLi]: Access denied for user ''@'localhost' (using password: NO)
in SYSTEMPATH\Database\BaseConnection.php on line 418.
 1 SYSTEMPATH\Database\BaseConnection.php(561): CodeIgniter\Database\BaseConnection->initialize()
 2 SYSTEMPATH\Database\BaseBuilder.php(1585): CodeIgniter\Database\BaseConnection->query('SELECT *
FROM `country`', [], false)
 3 SYSTEMPATH\Model.php(223): CodeIgniter\Database\BaseBuilder->get()
 4 SYSTEMPATH\BaseModel.php(585): CodeIgniter\Model->doFindAll(0, 0)
 5 APPPATH\Controllers\Home.php(18): CodeIgniter\BaseModel->findAll()
 6 SYSTEMPATH\CodeIgniter.php(927): App\Controllers\Home->index()
 7 SYSTEMPATH\CodeIgniter.php(482): CodeIgniter\CodeIgniter->runController(Object(App\Controllers\Home))
 8 SYSTEMPATH\CodeIgniter.php(351): CodeIgniter\CodeIgniter->handleRequest(null, Object(Config\Cache), false)
 9 FCPATH\index.php(67): CodeIgniter\CodeIgniter->run()
10 SYSTEMPATH\Commands\Server\rewrite.php(46): require_once('FCPATH\\index.php')
ERROR - 2022-11-06 23:28:56 --> Error connecting to the database: mysqli_sql_exception: Access denied for user ''@'localhost' (using password: NO) in C:\kerjaan baru 2022\tes_bpjs_form\system\Database\MySQLi\Connection.php:171
Stack trace:
#0 C:\kerjaan baru 2022\tes_bpjs_form\system\Database\MySQLi\Connection.php(171): mysqli->real_connect('localhost', '', '', '', 3306, '', 0)
#1 C:\kerjaan baru 2022\tes_bpjs_form\system\Database\BaseConnection.php(382): CodeIgniter\Database\MySQLi\Connection->connect(false)
#2 C:\kerjaan baru 2022\tes_bpjs_form\system\Database\BaseConnection.php(561): CodeIgniter\Database\BaseConnection->initialize()
#3 C:\kerjaan baru 2022\tes_bpjs_form\system\Database\BaseBuilder.php(1585): CodeIgniter\Database\BaseConnection->query('SELECT *\nFROM `...', Array, false)
#4 C:\kerjaan baru 2022\tes_bpjs_form\system\Model.php(223): CodeIgniter\Database\BaseBuilder->get()
#5 C:\kerjaan baru 2022\tes_bpjs_form\system\BaseModel.php(585): CodeIgniter\Model->doFindAll(0, 0)
#6 C:\kerjaan baru 2022\tes_bpjs_form\app\Controllers\Home.php(18): CodeIgniter\BaseModel->findAll()
#7 C:\kerjaan baru 2022\tes_bpjs_form\system\CodeIgniter.php(927): App\Controllers\Home->index()
#8 C:\kerjaan baru 2022\tes_bpjs_form\system\CodeIgniter.php(482): CodeIgniter\CodeIgniter->runController(Object(App\Controllers\Home))
#9 C:\kerjaan baru 2022\tes_bpjs_form\system\CodeIgniter.php(351): CodeIgniter\CodeIgniter->handleRequest(NULL, Object(Config\Cache), false)
#10 C:\kerjaan baru 2022\tes_bpjs_form\public\index.php(67): CodeIgniter\CodeIgniter->run()
#11 C:\kerjaan baru 2022\tes_bpjs_form\system\Commands\Server\rewrite.php(46): require_once('C:\\kerjaan baru...')
#12 {main}

Next CodeIgniter\Database\Exceptions\DatabaseException: Access denied for user ''@'localhost' (using password: NO) in C:\kerjaan baru 2022\tes_bpjs_form\system\Database\MySQLi\Connection.php:215
Stack trace:
#0 C:\kerjaan baru 2022\tes_bpjs_form\system\Database\BaseConnection.php(382): CodeIgniter\Database\MySQLi\Connection->connect(false)
#1 C:\kerjaan baru 2022\tes_bpjs_form\system\Database\BaseConnection.php(561): CodeIgniter\Database\BaseConnection->initialize()
#2 C:\kerjaan baru 2022\tes_bpjs_form\system\Database\BaseBuilder.php(1585): CodeIgniter\Database\BaseConnection->query('SELECT *\nFROM `...', Array, false)
#3 C:\kerjaan baru 2022\tes_bpjs_form\system\Model.php(223): CodeIgniter\Database\BaseBuilder->get()
#4 C:\kerjaan baru 2022\tes_bpjs_form\system\BaseModel.php(585): CodeIgniter\Model->doFindAll(0, 0)
#5 C:\kerjaan baru 2022\tes_bpjs_form\app\Controllers\Home.php(18): CodeIgniter\BaseModel->findAll()
#6 C:\kerjaan baru 2022\tes_bpjs_form\system\CodeIgniter.php(927): App\Controllers\Home->index()
#7 C:\kerjaan baru 2022\tes_bpjs_form\system\CodeIgniter.php(482): CodeIgniter\CodeIgniter->runController(Object(App\Controllers\Home))
#8 C:\kerjaan baru 2022\tes_bpjs_form\system\CodeIgniter.php(351): CodeIgniter\CodeIgniter->handleRequest(NULL, Object(Config\Cache), false)
#9 C:\kerjaan baru 2022\tes_bpjs_form\public\index.php(67): CodeIgniter\CodeIgniter->run()
#10 C:\kerjaan baru 2022\tes_bpjs_form\system\Commands\Server\rewrite.php(46): require_once('C:\\kerjaan baru...')
#11 {main}
CRITICAL - 2022-11-06 23:28:56 --> Unable to connect to the database.
Main connection [MySQLi]: Access denied for user ''@'localhost' (using password: NO)
in SYSTEMPATH\Database\BaseConnection.php on line 418.
 1 SYSTEMPATH\Database\BaseConnection.php(561): CodeIgniter\Database\BaseConnection->initialize()
 2 SYSTEMPATH\Database\BaseBuilder.php(1585): CodeIgniter\Database\BaseConnection->query('SELECT *
FROM `country`', [], false)
 3 SYSTEMPATH\Model.php(223): CodeIgniter\Database\BaseBuilder->get()
 4 SYSTEMPATH\BaseModel.php(585): CodeIgniter\Model->doFindAll(0, 0)
 5 APPPATH\Controllers\Home.php(18): CodeIgniter\BaseModel->findAll()
 6 SYSTEMPATH\CodeIgniter.php(927): App\Controllers\Home->index()
 7 SYSTEMPATH\CodeIgniter.php(482): CodeIgniter\CodeIgniter->runController(Object(App\Controllers\Home))
 8 SYSTEMPATH\CodeIgniter.php(351): CodeIgniter\CodeIgniter->handleRequest(null, Object(Config\Cache), false)
 9 FCPATH\index.php(67): CodeIgniter\CodeIgniter->run()
10 SYSTEMPATH\Commands\Server\rewrite.php(46): require_once('FCPATH\\index.php')
ERROR - 2022-11-06 23:28:57 --> Error connecting to the database: mysqli_sql_exception: Access denied for user ''@'localhost' (using password: NO) in C:\kerjaan baru 2022\tes_bpjs_form\system\Database\MySQLi\Connection.php:171
Stack trace:
#0 C:\kerjaan baru 2022\tes_bpjs_form\system\Database\MySQLi\Connection.php(171): mysqli->real_connect('localhost', '', '', '', 3306, '', 0)
#1 C:\kerjaan baru 2022\tes_bpjs_form\system\Database\BaseConnection.php(382): CodeIgniter\Database\MySQLi\Connection->connect(false)
#2 C:\kerjaan baru 2022\tes_bpjs_form\system\Database\BaseConnection.php(561): CodeIgniter\Database\BaseConnection->initialize()
#3 C:\kerjaan baru 2022\tes_bpjs_form\system\Database\BaseBuilder.php(1585): CodeIgniter\Database\BaseConnection->query('SELECT *\nFROM `...', Array, false)
#4 C:\kerjaan baru 2022\tes_bpjs_form\system\Model.php(223): CodeIgniter\Database\BaseBuilder->get()
#5 C:\kerjaan baru 2022\tes_bpjs_form\system\BaseModel.php(585): CodeIgniter\Model->doFindAll(0, 0)
#6 C:\kerjaan baru 2022\tes_bpjs_form\app\Controllers\Home.php(18): CodeIgniter\BaseModel->findAll()
#7 C:\kerjaan baru 2022\tes_bpjs_form\system\CodeIgniter.php(927): App\Controllers\Home->index()
#8 C:\kerjaan baru 2022\tes_bpjs_form\system\CodeIgniter.php(482): CodeIgniter\CodeIgniter->runController(Object(App\Controllers\Home))
#9 C:\kerjaan baru 2022\tes_bpjs_form\system\CodeIgniter.php(351): CodeIgniter\CodeIgniter->handleRequest(NULL, Object(Config\Cache), false)
#10 C:\kerjaan baru 2022\tes_bpjs_form\public\index.php(67): CodeIgniter\CodeIgniter->run()
#11 C:\kerjaan baru 2022\tes_bpjs_form\system\Commands\Server\rewrite.php(46): require_once('C:\\kerjaan baru...')
#12 {main}

Next CodeIgniter\Database\Exceptions\DatabaseException: Access denied for user ''@'localhost' (using password: NO) in C:\kerjaan baru 2022\tes_bpjs_form\system\Database\MySQLi\Connection.php:215
Stack trace:
#0 C:\kerjaan baru 2022\tes_bpjs_form\system\Database\BaseConnection.php(382): CodeIgniter\Database\MySQLi\Connection->connect(false)
#1 C:\kerjaan baru 2022\tes_bpjs_form\system\Database\BaseConnection.php(561): CodeIgniter\Database\BaseConnection->initialize()
#2 C:\kerjaan baru 2022\tes_bpjs_form\system\Database\BaseBuilder.php(1585): CodeIgniter\Database\BaseConnection->query('SELECT *\nFROM `...', Array, false)
#3 C:\kerjaan baru 2022\tes_bpjs_form\system\Model.php(223): CodeIgniter\Database\BaseBuilder->get()
#4 C:\kerjaan baru 2022\tes_bpjs_form\system\BaseModel.php(585): CodeIgniter\Model->doFindAll(0, 0)
#5 C:\kerjaan baru 2022\tes_bpjs_form\app\Controllers\Home.php(18): CodeIgniter\BaseModel->findAll()
#6 C:\kerjaan baru 2022\tes_bpjs_form\system\CodeIgniter.php(927): App\Controllers\Home->index()
#7 C:\kerjaan baru 2022\tes_bpjs_form\system\CodeIgniter.php(482): CodeIgniter\CodeIgniter->runController(Object(App\Controllers\Home))
#8 C:\kerjaan baru 2022\tes_bpjs_form\system\CodeIgniter.php(351): CodeIgniter\CodeIgniter->handleRequest(NULL, Object(Config\Cache), false)
#9 C:\kerjaan baru 2022\tes_bpjs_form\public\index.php(67): CodeIgniter\CodeIgniter->run()
#10 C:\kerjaan baru 2022\tes_bpjs_form\system\Commands\Server\rewrite.php(46): require_once('C:\\kerjaan baru...')
#11 {main}
CRITICAL - 2022-11-06 23:28:57 --> Unable to connect to the database.
Main connection [MySQLi]: Access denied for user ''@'localhost' (using password: NO)
in SYSTEMPATH\Database\BaseConnection.php on line 418.
 1 SYSTEMPATH\Database\BaseConnection.php(561): CodeIgniter\Database\BaseConnection->initialize()
 2 SYSTEMPATH\Database\BaseBuilder.php(1585): CodeIgniter\Database\BaseConnection->query('SELECT *
FROM `country`', [], false)
 3 SYSTEMPATH\Model.php(223): CodeIgniter\Database\BaseBuilder->get()
 4 SYSTEMPATH\BaseModel.php(585): CodeIgniter\Model->doFindAll(0, 0)
 5 APPPATH\Controllers\Home.php(18): CodeIgniter\BaseModel->findAll()
 6 SYSTEMPATH\CodeIgniter.php(927): App\Controllers\Home->index()
 7 SYSTEMPATH\CodeIgniter.php(482): CodeIgniter\CodeIgniter->runController(Object(App\Controllers\Home))
 8 SYSTEMPATH\CodeIgniter.php(351): CodeIgniter\CodeIgniter->handleRequest(null, Object(Config\Cache), false)
 9 FCPATH\index.php(67): CodeIgniter\CodeIgniter->run()
10 SYSTEMPATH\Commands\Server\rewrite.php(46): require_once('FCPATH\\index.php')
ERROR - 2022-11-06 23:32:57 --> Error connecting to the database: mysqli_sql_exception: Access denied for user ''@'localhost' (using password: NO) in C:\kerjaan baru 2022\tes_bpjs_form\system\Database\MySQLi\Connection.php:171
Stack trace:
#0 C:\kerjaan baru 2022\tes_bpjs_form\system\Database\MySQLi\Connection.php(171): mysqli->real_connect('localhost', '', '', '', 3306, '', 0)
#1 C:\kerjaan baru 2022\tes_bpjs_form\system\Database\BaseConnection.php(382): CodeIgniter\Database\MySQLi\Connection->connect(false)
#2 C:\kerjaan baru 2022\tes_bpjs_form\system\Database\BaseConnection.php(561): CodeIgniter\Database\BaseConnection->initialize()
#3 C:\kerjaan baru 2022\tes_bpjs_form\system\Database\BaseBuilder.php(1585): CodeIgniter\Database\BaseConnection->query('SELECT *\nFROM `...', Array, false)
#4 C:\kerjaan baru 2022\tes_bpjs_form\system\Model.php(223): CodeIgniter\Database\BaseBuilder->get()
#5 C:\kerjaan baru 2022\tes_bpjs_form\system\BaseModel.php(585): CodeIgniter\Model->doFindAll(0, 0)
#6 C:\kerjaan baru 2022\tes_bpjs_form\app\Controllers\Home.php(18): CodeIgniter\BaseModel->findAll()
#7 C:\kerjaan baru 2022\tes_bpjs_form\system\CodeIgniter.php(927): App\Controllers\Home->index()
#8 C:\kerjaan baru 2022\tes_bpjs_form\system\CodeIgniter.php(482): CodeIgniter\CodeIgniter->runController(Object(App\Controllers\Home))
#9 C:\kerjaan baru 2022\tes_bpjs_form\system\CodeIgniter.php(351): CodeIgniter\CodeIgniter->handleRequest(NULL, Object(Config\Cache), false)
#10 C:\kerjaan baru 2022\tes_bpjs_form\public\index.php(67): CodeIgniter\CodeIgniter->run()
#11 C:\kerjaan baru 2022\tes_bpjs_form\system\Commands\Server\rewrite.php(46): require_once('C:\\kerjaan baru...')
#12 {main}

Next CodeIgniter\Database\Exceptions\DatabaseException: Access denied for user ''@'localhost' (using password: NO) in C:\kerjaan baru 2022\tes_bpjs_form\system\Database\MySQLi\Connection.php:215
Stack trace:
#0 C:\kerjaan baru 2022\tes_bpjs_form\system\Database\BaseConnection.php(382): CodeIgniter\Database\MySQLi\Connection->connect(false)
#1 C:\kerjaan baru 2022\tes_bpjs_form\system\Database\BaseConnection.php(561): CodeIgniter\Database\BaseConnection->initialize()
#2 C:\kerjaan baru 2022\tes_bpjs_form\system\Database\BaseBuilder.php(1585): CodeIgniter\Database\BaseConnection->query('SELECT *\nFROM `...', Array, false)
#3 C:\kerjaan baru 2022\tes_bpjs_form\system\Model.php(223): CodeIgniter\Database\BaseBuilder->get()
#4 C:\kerjaan baru 2022\tes_bpjs_form\system\BaseModel.php(585): CodeIgniter\Model->doFindAll(0, 0)
#5 C:\kerjaan baru 2022\tes_bpjs_form\app\Controllers\Home.php(18): CodeIgniter\BaseModel->findAll()
#6 C:\kerjaan baru 2022\tes_bpjs_form\system\CodeIgniter.php(927): App\Controllers\Home->index()
#7 C:\kerjaan baru 2022\tes_bpjs_form\system\CodeIgniter.php(482): CodeIgniter\CodeIgniter->runController(Object(App\Controllers\Home))
#8 C:\kerjaan baru 2022\tes_bpjs_form\system\CodeIgniter.php(351): CodeIgniter\CodeIgniter->handleRequest(NULL, Object(Config\Cache), false)
#9 C:\kerjaan baru 2022\tes_bpjs_form\public\index.php(67): CodeIgniter\CodeIgniter->run()
#10 C:\kerjaan baru 2022\tes_bpjs_form\system\Commands\Server\rewrite.php(46): require_once('C:\\kerjaan baru...')
#11 {main}
CRITICAL - 2022-11-06 23:32:57 --> Unable to connect to the database.
Main connection [MySQLi]: Access denied for user ''@'localhost' (using password: NO)
in SYSTEMPATH\Database\BaseConnection.php on line 418.
 1 SYSTEMPATH\Database\BaseConnection.php(561): CodeIgniter\Database\BaseConnection->initialize()
 2 SYSTEMPATH\Database\BaseBuilder.php(1585): CodeIgniter\Database\BaseConnection->query('SELECT *
FROM `country`', [], false)
 3 SYSTEMPATH\Model.php(223): CodeIgniter\Database\BaseBuilder->get()
 4 SYSTEMPATH\BaseModel.php(585): CodeIgniter\Model->doFindAll(0, 0)
 5 APPPATH\Controllers\Home.php(18): CodeIgniter\BaseModel->findAll()
 6 SYSTEMPATH\CodeIgniter.php(927): App\Controllers\Home->index()
 7 SYSTEMPATH\CodeIgniter.php(482): CodeIgniter\CodeIgniter->runController(Object(App\Controllers\Home))
 8 SYSTEMPATH\CodeIgniter.php(351): CodeIgniter\CodeIgniter->handleRequest(null, Object(Config\Cache), false)
 9 FCPATH\index.php(67): CodeIgniter\CodeIgniter->run()
10 SYSTEMPATH\Commands\Server\rewrite.php(46): require_once('FCPATH\\index.php')
ERROR - 2022-11-06 23:33:37 --> Error connecting to the database: mysqli_sql_exception: Access denied for user ''@'localhost' (using password: NO) in C:\kerjaan baru 2022\tes_bpjs_form\system\Database\MySQLi\Connection.php:171
Stack trace:
#0 C:\kerjaan baru 2022\tes_bpjs_form\system\Database\MySQLi\Connection.php(171): mysqli->real_connect('localhost', '', '', '', 3306, '', 0)
#1 C:\kerjaan baru 2022\tes_bpjs_form\system\Database\BaseConnection.php(382): CodeIgniter\Database\MySQLi\Connection->connect(false)
#2 C:\kerjaan baru 2022\tes_bpjs_form\system\Database\BaseConnection.php(561): CodeIgniter\Database\BaseConnection->initialize()
#3 C:\kerjaan baru 2022\tes_bpjs_form\system\Database\BaseBuilder.php(1585): CodeIgniter\Database\BaseConnection->query('SELECT *\nFROM `...', Array, false)
#4 C:\kerjaan baru 2022\tes_bpjs_form\system\Model.php(223): CodeIgniter\Database\BaseBuilder->get()
#5 C:\kerjaan baru 2022\tes_bpjs_form\system\BaseModel.php(585): CodeIgniter\Model->doFindAll(0, 0)
#6 C:\kerjaan baru 2022\tes_bpjs_form\app\Controllers\Home.php(18): CodeIgniter\BaseModel->findAll()
#7 C:\kerjaan baru 2022\tes_bpjs_form\system\CodeIgniter.php(927): App\Controllers\Home->index()
#8 C:\kerjaan baru 2022\tes_bpjs_form\system\CodeIgniter.php(482): CodeIgniter\CodeIgniter->runController(Object(App\Controllers\Home))
#9 C:\kerjaan baru 2022\tes_bpjs_form\system\CodeIgniter.php(351): CodeIgniter\CodeIgniter->handleRequest(NULL, Object(Config\Cache), false)
#10 C:\kerjaan baru 2022\tes_bpjs_form\public\index.php(67): CodeIgniter\CodeIgniter->run()
#11 C:\kerjaan baru 2022\tes_bpjs_form\system\Commands\Server\rewrite.php(46): require_once('C:\\kerjaan baru...')
#12 {main}

Next CodeIgniter\Database\Exceptions\DatabaseException: Access denied for user ''@'localhost' (using password: NO) in C:\kerjaan baru 2022\tes_bpjs_form\system\Database\MySQLi\Connection.php:215
Stack trace:
#0 C:\kerjaan baru 2022\tes_bpjs_form\system\Database\BaseConnection.php(382): CodeIgniter\Database\MySQLi\Connection->connect(false)
#1 C:\kerjaan baru 2022\tes_bpjs_form\system\Database\BaseConnection.php(561): CodeIgniter\Database\BaseConnection->initialize()
#2 C:\kerjaan baru 2022\tes_bpjs_form\system\Database\BaseBuilder.php(1585): CodeIgniter\Database\BaseConnection->query('SELECT *\nFROM `...', Array, false)
#3 C:\kerjaan baru 2022\tes_bpjs_form\system\Model.php(223): CodeIgniter\Database\BaseBuilder->get()
#4 C:\kerjaan baru 2022\tes_bpjs_form\system\BaseModel.php(585): CodeIgniter\Model->doFindAll(0, 0)
#5 C:\kerjaan baru 2022\tes_bpjs_form\app\Controllers\Home.php(18): CodeIgniter\BaseModel->findAll()
#6 C:\kerjaan baru 2022\tes_bpjs_form\system\CodeIgniter.php(927): App\Controllers\Home->index()
#7 C:\kerjaan baru 2022\tes_bpjs_form\system\CodeIgniter.php(482): CodeIgniter\CodeIgniter->runController(Object(App\Controllers\Home))
#8 C:\kerjaan baru 2022\tes_bpjs_form\system\CodeIgniter.php(351): CodeIgniter\CodeIgniter->handleRequest(NULL, Object(Config\Cache), false)
#9 C:\kerjaan baru 2022\tes_bpjs_form\public\index.php(67): CodeIgniter\CodeIgniter->run()
#10 C:\kerjaan baru 2022\tes_bpjs_form\system\Commands\Server\rewrite.php(46): require_once('C:\\kerjaan baru...')
#11 {main}
CRITICAL - 2022-11-06 23:33:37 --> Unable to connect to the database.
Main connection [MySQLi]: Access denied for user ''@'localhost' (using password: NO)
in SYSTEMPATH\Database\BaseConnection.php on line 418.
 1 SYSTEMPATH\Database\BaseConnection.php(561): CodeIgniter\Database\BaseConnection->initialize()
 2 SYSTEMPATH\Database\BaseBuilder.php(1585): CodeIgniter\Database\BaseConnection->query('SELECT *
FROM `country`', [], false)
 3 SYSTEMPATH\Model.php(223): CodeIgniter\Database\BaseBuilder->get()
 4 SYSTEMPATH\BaseModel.php(585): CodeIgniter\Model->doFindAll(0, 0)
 5 APPPATH\Controllers\Home.php(18): CodeIgniter\BaseModel->findAll()
 6 SYSTEMPATH\CodeIgniter.php(927): App\Controllers\Home->index()
 7 SYSTEMPATH\CodeIgniter.php(482): CodeIgniter\CodeIgniter->runController(Object(App\Controllers\Home))
 8 SYSTEMPATH\CodeIgniter.php(351): CodeIgniter\CodeIgniter->handleRequest(null, Object(Config\Cache), false)
 9 FCPATH\index.php(67): CodeIgniter\CodeIgniter->run()
10 SYSTEMPATH\Commands\Server\rewrite.php(46): require_once('FCPATH\\index.php')
ERROR - 2022-11-06 23:38:08 --> Error connecting to the database: mysqli_sql_exception: Access denied for user ''@'localhost' (using password: NO) in C:\kerjaan baru 2022\tes_bpjs_form\system\Database\MySQLi\Connection.php:171
Stack trace:
#0 C:\kerjaan baru 2022\tes_bpjs_form\system\Database\MySQLi\Connection.php(171): mysqli->real_connect('localhost', '', '', '', 3306, '', 0)
#1 C:\kerjaan baru 2022\tes_bpjs_form\system\Database\BaseConnection.php(382): CodeIgniter\Database\MySQLi\Connection->connect(false)
#2 C:\kerjaan baru 2022\tes_bpjs_form\system\Database\BaseConnection.php(561): CodeIgniter\Database\BaseConnection->initialize()
#3 C:\kerjaan baru 2022\tes_bpjs_form\system\Database\BaseBuilder.php(1585): CodeIgniter\Database\BaseConnection->query('SELECT *\nFROM `...', Array, false)
#4 C:\kerjaan baru 2022\tes_bpjs_form\system\Model.php(223): CodeIgniter\Database\BaseBuilder->get()
#5 C:\kerjaan baru 2022\tes_bpjs_form\system\BaseModel.php(585): CodeIgniter\Model->doFindAll(0, 0)
#6 C:\kerjaan baru 2022\tes_bpjs_form\app\Controllers\Home.php(18): CodeIgniter\BaseModel->findAll()
#7 C:\kerjaan baru 2022\tes_bpjs_form\system\CodeIgniter.php(927): App\Controllers\Home->index()
#8 C:\kerjaan baru 2022\tes_bpjs_form\system\CodeIgniter.php(482): CodeIgniter\CodeIgniter->runController(Object(App\Controllers\Home))
#9 C:\kerjaan baru 2022\tes_bpjs_form\system\CodeIgniter.php(351): CodeIgniter\CodeIgniter->handleRequest(NULL, Object(Config\Cache), false)
#10 C:\kerjaan baru 2022\tes_bpjs_form\public\index.php(67): CodeIgniter\CodeIgniter->run()
#11 C:\kerjaan baru 2022\tes_bpjs_form\system\Commands\Server\rewrite.php(46): require_once('C:\\kerjaan baru...')
#12 {main}

Next CodeIgniter\Database\Exceptions\DatabaseException: Access denied for user ''@'localhost' (using password: NO) in C:\kerjaan baru 2022\tes_bpjs_form\system\Database\MySQLi\Connection.php:215
Stack trace:
#0 C:\kerjaan baru 2022\tes_bpjs_form\system\Database\BaseConnection.php(382): CodeIgniter\Database\MySQLi\Connection->connect(false)
#1 C:\kerjaan baru 2022\tes_bpjs_form\system\Database\BaseConnection.php(561): CodeIgniter\Database\BaseConnection->initialize()
#2 C:\kerjaan baru 2022\tes_bpjs_form\system\Database\BaseBuilder.php(1585): CodeIgniter\Database\BaseConnection->query('SELECT *\nFROM `...', Array, false)
#3 C:\kerjaan baru 2022\tes_bpjs_form\system\Model.php(223): CodeIgniter\Database\BaseBuilder->get()
#4 C:\kerjaan baru 2022\tes_bpjs_form\system\BaseModel.php(585): CodeIgniter\Model->doFindAll(0, 0)
#5 C:\kerjaan baru 2022\tes_bpjs_form\app\Controllers\Home.php(18): CodeIgniter\BaseModel->findAll()
#6 C:\kerjaan baru 2022\tes_bpjs_form\system\CodeIgniter.php(927): App\Controllers\Home->index()
#7 C:\kerjaan baru 2022\tes_bpjs_form\system\CodeIgniter.php(482): CodeIgniter\CodeIgniter->runController(Object(App\Controllers\Home))
#8 C:\kerjaan baru 2022\tes_bpjs_form\system\CodeIgniter.php(351): CodeIgniter\CodeIgniter->handleRequest(NULL, Object(Config\Cache), false)
#9 C:\kerjaan baru 2022\tes_bpjs_form\public\index.php(67): CodeIgniter\CodeIgniter->run()
#10 C:\kerjaan baru 2022\tes_bpjs_form\system\Commands\Server\rewrite.php(46): require_once('C:\\kerjaan baru...')
#11 {main}
CRITICAL - 2022-11-06 23:38:08 --> Unable to connect to the database.
Main connection [MySQLi]: Access denied for user ''@'localhost' (using password: NO)
in SYSTEMPATH\Database\BaseConnection.php on line 418.
 1 SYSTEMPATH\Database\BaseConnection.php(561): CodeIgniter\Database\BaseConnection->initialize()
 2 SYSTEMPATH\Database\BaseBuilder.php(1585): CodeIgniter\Database\BaseConnection->query('SELECT *
FROM `country`', [], false)
 3 SYSTEMPATH\Model.php(223): CodeIgniter\Database\BaseBuilder->get()
 4 SYSTEMPATH\BaseModel.php(585): CodeIgniter\Model->doFindAll(0, 0)
 5 APPPATH\Controllers\Home.php(18): CodeIgniter\BaseModel->findAll()
 6 SYSTEMPATH\CodeIgniter.php(927): App\Controllers\Home->index()
 7 SYSTEMPATH\CodeIgniter.php(482): CodeIgniter\CodeIgniter->runController(Object(App\Controllers\Home))
 8 SYSTEMPATH\CodeIgniter.php(351): CodeIgniter\CodeIgniter->handleRequest(null, Object(Config\Cache), false)
 9 FCPATH\index.php(67): CodeIgniter\CodeIgniter->run()
10 SYSTEMPATH\Commands\Server\rewrite.php(46): require_once('FCPATH\\index.php')
ERROR - 2022-11-06 23:38:22 --> Error connecting to the database: mysqli_sql_exception: Access denied for user ''@'localhost' (using password: NO) in C:\kerjaan baru 2022\tes_bpjs_form\system\Database\MySQLi\Connection.php:171
Stack trace:
#0 C:\kerjaan baru 2022\tes_bpjs_form\system\Database\MySQLi\Connection.php(171): mysqli->real_connect('localhost', '', '', '', 3306, '', 0)
#1 C:\kerjaan baru 2022\tes_bpjs_form\system\Database\BaseConnection.php(382): CodeIgniter\Database\MySQLi\Connection->connect(false)
#2 C:\kerjaan baru 2022\tes_bpjs_form\system\Database\BaseConnection.php(561): CodeIgniter\Database\BaseConnection->initialize()
#3 C:\kerjaan baru 2022\tes_bpjs_form\system\Database\BaseBuilder.php(1585): CodeIgniter\Database\BaseConnection->query('SELECT *\nFROM `...', Array, false)
#4 C:\kerjaan baru 2022\tes_bpjs_form\system\Model.php(223): CodeIgniter\Database\BaseBuilder->get()
#5 C:\kerjaan baru 2022\tes_bpjs_form\system\BaseModel.php(585): CodeIgniter\Model->doFindAll(0, 0)
#6 C:\kerjaan baru 2022\tes_bpjs_form\app\Controllers\Home.php(18): CodeIgniter\BaseModel->findAll()
#7 C:\kerjaan baru 2022\tes_bpjs_form\system\CodeIgniter.php(927): App\Controllers\Home->index()
#8 C:\kerjaan baru 2022\tes_bpjs_form\system\CodeIgniter.php(482): CodeIgniter\CodeIgniter->runController(Object(App\Controllers\Home))
#9 C:\kerjaan baru 2022\tes_bpjs_form\system\CodeIgniter.php(351): CodeIgniter\CodeIgniter->handleRequest(NULL, Object(Config\Cache), false)
#10 C:\kerjaan baru 2022\tes_bpjs_form\public\index.php(67): CodeIgniter\CodeIgniter->run()
#11 C:\kerjaan baru 2022\tes_bpjs_form\system\Commands\Server\rewrite.php(46): require_once('C:\\kerjaan baru...')
#12 {main}

Next CodeIgniter\Database\Exceptions\DatabaseException: Access denied for user ''@'localhost' (using password: NO) in C:\kerjaan baru 2022\tes_bpjs_form\system\Database\MySQLi\Connection.php:215
Stack trace:
#0 C:\kerjaan baru 2022\tes_bpjs_form\system\Database\BaseConnection.php(382): CodeIgniter\Database\MySQLi\Connection->connect(false)
#1 C:\kerjaan baru 2022\tes_bpjs_form\system\Database\BaseConnection.php(561): CodeIgniter\Database\BaseConnection->initialize()
#2 C:\kerjaan baru 2022\tes_bpjs_form\system\Database\BaseBuilder.php(1585): CodeIgniter\Database\BaseConnection->query('SELECT *\nFROM `...', Array, false)
#3 C:\kerjaan baru 2022\tes_bpjs_form\system\Model.php(223): CodeIgniter\Database\BaseBuilder->get()
#4 C:\kerjaan baru 2022\tes_bpjs_form\system\BaseModel.php(585): CodeIgniter\Model->doFindAll(0, 0)
#5 C:\kerjaan baru 2022\tes_bpjs_form\app\Controllers\Home.php(18): CodeIgniter\BaseModel->findAll()
#6 C:\kerjaan baru 2022\tes_bpjs_form\system\CodeIgniter.php(927): App\Controllers\Home->index()
#7 C:\kerjaan baru 2022\tes_bpjs_form\system\CodeIgniter.php(482): CodeIgniter\CodeIgniter->runController(Object(App\Controllers\Home))
#8 C:\kerjaan baru 2022\tes_bpjs_form\system\CodeIgniter.php(351): CodeIgniter\CodeIgniter->handleRequest(NULL, Object(Config\Cache), false)
#9 C:\kerjaan baru 2022\tes_bpjs_form\public\index.php(67): CodeIgniter\CodeIgniter->run()
#10 C:\kerjaan baru 2022\tes_bpjs_form\system\Commands\Server\rewrite.php(46): require_once('C:\\kerjaan baru...')
#11 {main}
CRITICAL - 2022-11-06 23:38:22 --> Unable to connect to the database.
Main connection [MySQLi]: Access denied for user ''@'localhost' (using password: NO)
in SYSTEMPATH\Database\BaseConnection.php on line 418.
 1 SYSTEMPATH\Database\BaseConnection.php(561): CodeIgniter\Database\BaseConnection->initialize()
 2 SYSTEMPATH\Database\BaseBuilder.php(1585): CodeIgniter\Database\BaseConnection->query('SELECT *
FROM `country`', [], false)
 3 SYSTEMPATH\Model.php(223): CodeIgniter\Database\BaseBuilder->get()
 4 SYSTEMPATH\BaseModel.php(585): CodeIgniter\Model->doFindAll(0, 0)
 5 APPPATH\Controllers\Home.php(18): CodeIgniter\BaseModel->findAll()
 6 SYSTEMPATH\CodeIgniter.php(927): App\Controllers\Home->index()
 7 SYSTEMPATH\CodeIgniter.php(482): CodeIgniter\CodeIgniter->runController(Object(App\Controllers\Home))
 8 SYSTEMPATH\CodeIgniter.php(351): CodeIgniter\CodeIgniter->handleRequest(null, Object(Config\Cache), false)
 9 FCPATH\index.php(67): CodeIgniter\CodeIgniter->run()
10 SYSTEMPATH\Commands\Server\rewrite.php(46): require_once('FCPATH\\index.php')
ERROR - 2022-11-06 23:46:59 --> Error connecting to the database: mysqli_sql_exception: Access denied for user ''@'localhost' (using password: NO) in C:\kerjaan baru 2022\tes_bpjs_form\system\Database\MySQLi\Connection.php:171
Stack trace:
#0 C:\kerjaan baru 2022\tes_bpjs_form\system\Database\MySQLi\Connection.php(171): mysqli->real_connect('localhost', '', '', '', 3306, '', 0)
#1 C:\kerjaan baru 2022\tes_bpjs_form\system\Database\BaseConnection.php(382): CodeIgniter\Database\MySQLi\Connection->connect(false)
#2 C:\kerjaan baru 2022\tes_bpjs_form\system\Database\BaseConnection.php(561): CodeIgniter\Database\BaseConnection->initialize()
#3 C:\kerjaan baru 2022\tes_bpjs_form\system\Database\BaseBuilder.php(1585): CodeIgniter\Database\BaseConnection->query('SELECT *\nFROM `...', Array, false)
#4 C:\kerjaan baru 2022\tes_bpjs_form\system\Model.php(223): CodeIgniter\Database\BaseBuilder->get()
#5 C:\kerjaan baru 2022\tes_bpjs_form\system\BaseModel.php(585): CodeIgniter\Model->doFindAll(0, 0)
#6 C:\kerjaan baru 2022\tes_bpjs_form\app\Controllers\Home.php(19): CodeIgniter\BaseModel->findAll()
#7 C:\kerjaan baru 2022\tes_bpjs_form\system\CodeIgniter.php(927): App\Controllers\Home->index()
#8 C:\kerjaan baru 2022\tes_bpjs_form\system\CodeIgniter.php(482): CodeIgniter\CodeIgniter->runController(Object(App\Controllers\Home))
#9 C:\kerjaan baru 2022\tes_bpjs_form\system\CodeIgniter.php(351): CodeIgniter\CodeIgniter->handleRequest(NULL, Object(Config\Cache), false)
#10 C:\kerjaan baru 2022\tes_bpjs_form\public\index.php(67): CodeIgniter\CodeIgniter->run()
#11 C:\kerjaan baru 2022\tes_bpjs_form\system\Commands\Server\rewrite.php(46): require_once('C:\\kerjaan baru...')
#12 {main}

Next CodeIgniter\Database\Exceptions\DatabaseException: Access denied for user ''@'localhost' (using password: NO) in C:\kerjaan baru 2022\tes_bpjs_form\system\Database\MySQLi\Connection.php:215
Stack trace:
#0 C:\kerjaan baru 2022\tes_bpjs_form\system\Database\BaseConnection.php(382): CodeIgniter\Database\MySQLi\Connection->connect(false)
#1 C:\kerjaan baru 2022\tes_bpjs_form\system\Database\BaseConnection.php(561): CodeIgniter\Database\BaseConnection->initialize()
#2 C:\kerjaan baru 2022\tes_bpjs_form\system\Database\BaseBuilder.php(1585): CodeIgniter\Database\BaseConnection->query('SELECT *\nFROM `...', Array, false)
#3 C:\kerjaan baru 2022\tes_bpjs_form\system\Model.php(223): CodeIgniter\Database\BaseBuilder->get()
#4 C:\kerjaan baru 2022\tes_bpjs_form\system\BaseModel.php(585): CodeIgniter\Model->doFindAll(0, 0)
#5 C:\kerjaan baru 2022\tes_bpjs_form\app\Controllers\Home.php(19): CodeIgniter\BaseModel->findAll()
#6 C:\kerjaan baru 2022\tes_bpjs_form\system\CodeIgniter.php(927): App\Controllers\Home->index()
#7 C:\kerjaan baru 2022\tes_bpjs_form\system\CodeIgniter.php(482): CodeIgniter\CodeIgniter->runController(Object(App\Controllers\Home))
#8 C:\kerjaan baru 2022\tes_bpjs_form\system\CodeIgniter.php(351): CodeIgniter\CodeIgniter->handleRequest(NULL, Object(Config\Cache), false)
#9 C:\kerjaan baru 2022\tes_bpjs_form\public\index.php(67): CodeIgniter\CodeIgniter->run()
#10 C:\kerjaan baru 2022\tes_bpjs_form\system\Commands\Server\rewrite.php(46): require_once('C:\\kerjaan baru...')
#11 {main}
CRITICAL - 2022-11-06 23:46:59 --> Unable to connect to the database.
Main connection [MySQLi]: Access denied for user ''@'localhost' (using password: NO)
in SYSTEMPATH\Database\BaseConnection.php on line 418.
 1 SYSTEMPATH\Database\BaseConnection.php(561): CodeIgniter\Database\BaseConnection->initialize()
 2 SYSTEMPATH\Database\BaseBuilder.php(1585): CodeIgniter\Database\BaseConnection->query('SELECT *
FROM `country`', [], false)
 3 SYSTEMPATH\Model.php(223): CodeIgniter\Database\BaseBuilder->get()
 4 SYSTEMPATH\BaseModel.php(585): CodeIgniter\Model->doFindAll(0, 0)
 5 APPPATH\Controllers\Home.php(19): CodeIgniter\BaseModel->findAll()
 6 SYSTEMPATH\CodeIgniter.php(927): App\Controllers\Home->index()
 7 SYSTEMPATH\CodeIgniter.php(482): CodeIgniter\CodeIgniter->runController(Object(App\Controllers\Home))
 8 SYSTEMPATH\CodeIgniter.php(351): CodeIgniter\CodeIgniter->handleRequest(null, Object(Config\Cache), false)
 9 FCPATH\index.php(67): CodeIgniter\CodeIgniter->run()
10 SYSTEMPATH\Commands\Server\rewrite.php(46): require_once('FCPATH\\index.php')
ERROR - 2022-11-06 23:48:50 --> mysqli_sql_exception: No database selected in C:\kerjaan baru 2022\tes_bpjs_form\system\Database\MySQLi\Connection.php:292
Stack trace:
#0 C:\kerjaan baru 2022\tes_bpjs_form\system\Database\MySQLi\Connection.php(292): mysqli->query('SELECT *\nFROM `...', 0)
#1 C:\kerjaan baru 2022\tes_bpjs_form\system\Database\BaseConnection.php(666): CodeIgniter\Database\MySQLi\Connection->execute('SELECT *\nFROM `...')
#2 C:\kerjaan baru 2022\tes_bpjs_form\system\Database\BaseConnection.php(593): CodeIgniter\Database\BaseConnection->simpleQuery('SELECT *\nFROM `...')
#3 C:\kerjaan baru 2022\tes_bpjs_form\system\Database\BaseBuilder.php(1585): CodeIgniter\Database\BaseConnection->query('SELECT *\nFROM `...', Array, false)
#4 C:\kerjaan baru 2022\tes_bpjs_form\system\Model.php(223): CodeIgniter\Database\BaseBuilder->get()
#5 C:\kerjaan baru 2022\tes_bpjs_form\system\BaseModel.php(585): CodeIgniter\Model->doFindAll(0, 0)
#6 C:\kerjaan baru 2022\tes_bpjs_form\app\Controllers\Home.php(19): CodeIgniter\BaseModel->findAll()
#7 C:\kerjaan baru 2022\tes_bpjs_form\system\CodeIgniter.php(927): App\Controllers\Home->index()
#8 C:\kerjaan baru 2022\tes_bpjs_form\system\CodeIgniter.php(482): CodeIgniter\CodeIgniter->runController(Object(App\Controllers\Home))
#9 C:\kerjaan baru 2022\tes_bpjs_form\system\CodeIgniter.php(351): CodeIgniter\CodeIgniter->handleRequest(NULL, Object(Config\Cache), false)
#10 C:\kerjaan baru 2022\tes_bpjs_form\public\index.php(67): CodeIgniter\CodeIgniter->run()
#11 C:\kerjaan baru 2022\tes_bpjs_form\system\Commands\Server\rewrite.php(46): require_once('C:\\kerjaan baru...')
#12 {main}
CRITICAL - 2022-11-06 23:48:50 --> Call to a member function getResult() on bool
in SYSTEMPATH\Model.php on line 224.
 1 SYSTEMPATH\BaseModel.php(585): CodeIgniter\Model->doFindAll(0, 0)
 2 APPPATH\Controllers\Home.php(19): CodeIgniter\BaseModel->findAll()
 3 SYSTEMPATH\CodeIgniter.php(927): App\Controllers\Home->index()
 4 SYSTEMPATH\CodeIgniter.php(482): CodeIgniter\CodeIgniter->runController(Object(App\Controllers\Home))
 5 SYSTEMPATH\CodeIgniter.php(351): CodeIgniter\CodeIgniter->handleRequest(null, Object(Config\Cache), false)
 6 FCPATH\index.php(67): CodeIgniter\CodeIgniter->run()
 7 SYSTEMPATH\Commands\Server\rewrite.php(46): require_once('FCPATH\\index.php')
CRITICAL - 2022-11-06 23:49:18 --> Call to undefined method App\Models\ResourceModel::getResult
in SYSTEMPATH\Model.php on line 774.
 1 APPPATH\Controllers\Home.php(19): CodeIgniter\Model->__call('getResult', [])
 2 SYSTEMPATH\CodeIgniter.php(927): App\Controllers\Home->index()
 3 SYSTEMPATH\CodeIgniter.php(482): CodeIgniter\CodeIgniter->runController(Object(App\Controllers\Home))
 4 SYSTEMPATH\CodeIgniter.php(351): CodeIgniter\CodeIgniter->handleRequest(null, Object(Config\Cache), false)
 5 FCPATH\index.php(67): CodeIgniter\CodeIgniter->run()
 6 SYSTEMPATH\Commands\Server\rewrite.php(46): require_once('FCPATH\\index.php')
CRITICAL - 2022-11-06 23:50:26 --> Call to undefined method App\Models\ResourceModel::getAll
in SYSTEMPATH\Model.php on line 774.
 1 APPPATH\Controllers\Home.php(19): CodeIgniter\Model->__call('getAll', [])
 2 SYSTEMPATH\CodeIgniter.php(927): App\Controllers\Home->index()
 3 SYSTEMPATH\CodeIgniter.php(482): CodeIgniter\CodeIgniter->runController(Object(App\Controllers\Home))
 4 SYSTEMPATH\CodeIgniter.php(351): CodeIgniter\CodeIgniter->handleRequest(null, Object(Config\Cache), false)
 5 FCPATH\index.php(67): CodeIgniter\CodeIgniter->run()
 6 SYSTEMPATH\Commands\Server\rewrite.php(46): require_once('FCPATH\\index.php')
ERROR - 2022-11-06 23:52:46 --> mysqli_sql_exception: No database selected in C:\kerjaan baru 2022\tes_bpjs_form\system\Database\MySQLi\Connection.php:292
Stack trace:
#0 C:\kerjaan baru 2022\tes_bpjs_form\system\Database\MySQLi\Connection.php(292): mysqli->query('SELECT *\nFROM `...', 0)
#1 C:\kerjaan baru 2022\tes_bpjs_form\system\Database\BaseConnection.php(666): CodeIgniter\Database\MySQLi\Connection->execute('SELECT *\nFROM `...')
#2 C:\kerjaan baru 2022\tes_bpjs_form\system\Database\BaseConnection.php(593): CodeIgniter\Database\BaseConnection->simpleQuery('SELECT *\nFROM `...')
#3 C:\kerjaan baru 2022\tes_bpjs_form\system\Database\BaseBuilder.php(1585): CodeIgniter\Database\BaseConnection->query('SELECT *\nFROM `...', Array, false)
#4 C:\kerjaan baru 2022\tes_bpjs_form\system\Model.php(223): CodeIgniter\Database\BaseBuilder->get()
#5 C:\kerjaan baru 2022\tes_bpjs_form\system\BaseModel.php(585): CodeIgniter\Model->doFindAll(0, 0)
#6 C:\kerjaan baru 2022\tes_bpjs_form\app\Controllers\Home.php(19): CodeIgniter\BaseModel->findAll()
#7 C:\kerjaan baru 2022\tes_bpjs_form\system\CodeIgniter.php(927): App\Controllers\Home->index()
#8 C:\kerjaan baru 2022\tes_bpjs_form\system\CodeIgniter.php(482): CodeIgniter\CodeIgniter->runController(Object(App\Controllers\Home))
#9 C:\kerjaan baru 2022\tes_bpjs_form\system\CodeIgniter.php(351): CodeIgniter\CodeIgniter->handleRequest(NULL, Object(Config\Cache), false)
#10 C:\kerjaan baru 2022\tes_bpjs_form\public\index.php(67): CodeIgniter\CodeIgniter->run()
#11 C:\kerjaan baru 2022\tes_bpjs_form\system\Commands\Server\rewrite.php(46): require_once('C:\\kerjaan baru...')
#12 {main}
CRITICAL - 2022-11-06 23:52:46 --> Call to a member function getResult() on bool
in SYSTEMPATH\Model.php on line 224.
 1 SYSTEMPATH\BaseModel.php(585): CodeIgniter\Model->doFindAll(0, 0)
 2 APPPATH\Controllers\Home.php(19): CodeIgniter\BaseModel->findAll()
 3 SYSTEMPATH\CodeIgniter.php(927): App\Controllers\Home->index()
 4 SYSTEMPATH\CodeIgniter.php(482): CodeIgniter\CodeIgniter->runController(Object(App\Controllers\Home))
 5 SYSTEMPATH\CodeIgniter.php(351): CodeIgniter\CodeIgniter->handleRequest(null, Object(Config\Cache), false)
 6 FCPATH\index.php(67): CodeIgniter\CodeIgniter->run()
 7 SYSTEMPATH\Commands\Server\rewrite.php(46): require_once('FCPATH\\index.php')
ERROR - 2022-11-06 23:53:54 --> mysqli_sql_exception: No database selected in C:\kerjaan baru 2022\tes_bpjs_form\system\Database\MySQLi\Connection.php:292
Stack trace:
#0 C:\kerjaan baru 2022\tes_bpjs_form\system\Database\MySQLi\Connection.php(292): mysqli->query('SELECT *\nFROM `...', 0)
#1 C:\kerjaan baru 2022\tes_bpjs_form\system\Database\BaseConnection.php(666): CodeIgniter\Database\MySQLi\Connection->execute('SELECT *\nFROM `...')
#2 C:\kerjaan baru 2022\tes_bpjs_form\system\Database\BaseConnection.php(593): CodeIgniter\Database\BaseConnection->simpleQuery('SELECT *\nFROM `...')
#3 C:\kerjaan baru 2022\tes_bpjs_form\system\Database\BaseBuilder.php(1585): CodeIgniter\Database\BaseConnection->query('SELECT *\nFROM `...', Array, false)
#4 C:\kerjaan baru 2022\tes_bpjs_form\system\Model.php(223): CodeIgniter\Database\BaseBuilder->get()
#5 C:\kerjaan baru 2022\tes_bpjs_form\system\BaseModel.php(585): CodeIgniter\Model->doFindAll(0, 0)
#6 C:\kerjaan baru 2022\tes_bpjs_form\app\Controllers\Home.php(19): CodeIgniter\BaseModel->findAll()
#7 C:\kerjaan baru 2022\tes_bpjs_form\system\CodeIgniter.php(927): App\Controllers\Home->index()
#8 C:\kerjaan baru 2022\tes_bpjs_form\system\CodeIgniter.php(482): CodeIgniter\CodeIgniter->runController(Object(App\Controllers\Home))
#9 C:\kerjaan baru 2022\tes_bpjs_form\system\CodeIgniter.php(351): CodeIgniter\CodeIgniter->handleRequest(NULL, Object(Config\Cache), false)
#10 C:\kerjaan baru 2022\tes_bpjs_form\public\index.php(67): CodeIgniter\CodeIgniter->run()
#11 C:\kerjaan baru 2022\tes_bpjs_form\system\Commands\Server\rewrite.php(46): require_once('C:\\kerjaan baru...')
#12 {main}
CRITICAL - 2022-11-06 23:53:54 --> Call to a member function getResult() on bool
in SYSTEMPATH\Model.php on line 224.
 1 SYSTEMPATH\BaseModel.php(585): CodeIgniter\Model->doFindAll(0, 0)
 2 APPPATH\Controllers\Home.php(19): CodeIgniter\BaseModel->findAll()
 3 SYSTEMPATH\CodeIgniter.php(927): App\Controllers\Home->index()
 4 SYSTEMPATH\CodeIgniter.php(482): CodeIgniter\CodeIgniter->runController(Object(App\Controllers\Home))
 5 SYSTEMPATH\CodeIgniter.php(351): CodeIgniter\CodeIgniter->handleRequest(null, Object(Config\Cache), false)
 6 FCPATH\index.php(67): CodeIgniter\CodeIgniter->run()
 7 SYSTEMPATH\Commands\Server\rewrite.php(46): require_once('FCPATH\\index.php')
ERROR - 2022-11-06 23:53:56 --> mysqli_sql_exception: No database selected in C:\kerjaan baru 2022\tes_bpjs_form\system\Database\MySQLi\Connection.php:292
Stack trace:
#0 C:\kerjaan baru 2022\tes_bpjs_form\system\Database\MySQLi\Connection.php(292): mysqli->query('SELECT *\nFROM `...', 0)
#1 C:\kerjaan baru 2022\tes_bpjs_form\system\Database\BaseConnection.php(666): CodeIgniter\Database\MySQLi\Connection->execute('SELECT *\nFROM `...')
#2 C:\kerjaan baru 2022\tes_bpjs_form\system\Database\BaseConnection.php(593): CodeIgniter\Database\BaseConnection->simpleQuery('SELECT *\nFROM `...')
#3 C:\kerjaan baru 2022\tes_bpjs_form\system\Database\BaseBuilder.php(1585): CodeIgniter\Database\BaseConnection->query('SELECT *\nFROM `...', Array, false)
#4 C:\kerjaan baru 2022\tes_bpjs_form\system\Model.php(223): CodeIgniter\Database\BaseBuilder->get()
#5 C:\kerjaan baru 2022\tes_bpjs_form\system\BaseModel.php(585): CodeIgniter\Model->doFindAll(0, 0)
#6 C:\kerjaan baru 2022\tes_bpjs_form\app\Controllers\Home.php(19): CodeIgniter\BaseModel->findAll()
#7 C:\kerjaan baru 2022\tes_bpjs_form\system\CodeIgniter.php(927): App\Controllers\Home->index()
#8 C:\kerjaan baru 2022\tes_bpjs_form\system\CodeIgniter.php(482): CodeIgniter\CodeIgniter->runController(Object(App\Controllers\Home))
#9 C:\kerjaan baru 2022\tes_bpjs_form\system\CodeIgniter.php(351): CodeIgniter\CodeIgniter->handleRequest(NULL, Object(Config\Cache), false)
#10 C:\kerjaan baru 2022\tes_bpjs_form\public\index.php(67): CodeIgniter\CodeIgniter->run()
#11 C:\kerjaan baru 2022\tes_bpjs_form\system\Commands\Server\rewrite.php(46): require_once('C:\\kerjaan baru...')
#12 {main}
CRITICAL - 2022-11-06 23:53:56 --> Call to a member function getResult() on bool
in SYSTEMPATH\Model.php on line 224.
 1 SYSTEMPATH\BaseModel.php(585): CodeIgniter\Model->doFindAll(0, 0)
 2 APPPATH\Controllers\Home.php(19): CodeIgniter\BaseModel->findAll()
 3 SYSTEMPATH\CodeIgniter.php(927): App\Controllers\Home->index()
 4 SYSTEMPATH\CodeIgniter.php(482): CodeIgniter\CodeIgniter->runController(Object(App\Controllers\Home))
 5 SYSTEMPATH\CodeIgniter.php(351): CodeIgniter\CodeIgniter->handleRequest(null, Object(Config\Cache), false)
 6 FCPATH\index.php(67): CodeIgniter\CodeIgniter->run()
 7 SYSTEMPATH\Commands\Server\rewrite.php(46): require_once('FCPATH\\index.php')
ERROR - 2022-11-06 23:54:57 --> mysqli_sql_exception: No database selected in C:\kerjaan baru 2022\tes_bpjs_form\system\Database\MySQLi\Connection.php:292
Stack trace:
#0 C:\kerjaan baru 2022\tes_bpjs_form\system\Database\MySQLi\Connection.php(292): mysqli->query('SELECT *\nFROM `...', 0)
#1 C:\kerjaan baru 2022\tes_bpjs_form\system\Database\BaseConnection.php(666): CodeIgniter\Database\MySQLi\Connection->execute('SELECT *\nFROM `...')
#2 C:\kerjaan baru 2022\tes_bpjs_form\system\Database\BaseConnection.php(593): CodeIgniter\Database\BaseConnection->simpleQuery('SELECT *\nFROM `...')
#3 C:\kerjaan baru 2022\tes_bpjs_form\system\Database\BaseBuilder.php(1585): CodeIgniter\Database\BaseConnection->query('SELECT *\nFROM `...', Array, false)
#4 C:\kerjaan baru 2022\tes_bpjs_form\system\Model.php(223): CodeIgniter\Database\BaseBuilder->get()
#5 C:\kerjaan baru 2022\tes_bpjs_form\system\BaseModel.php(585): CodeIgniter\Model->doFindAll(0, 0)
#6 C:\kerjaan baru 2022\tes_bpjs_form\app\Controllers\Home.php(19): CodeIgniter\BaseModel->findAll()
#7 C:\kerjaan baru 2022\tes_bpjs_form\system\CodeIgniter.php(927): App\Controllers\Home->index()
#8 C:\kerjaan baru 2022\tes_bpjs_form\system\CodeIgniter.php(482): CodeIgniter\CodeIgniter->runController(Object(App\Controllers\Home))
#9 C:\kerjaan baru 2022\tes_bpjs_form\system\CodeIgniter.php(351): CodeIgniter\CodeIgniter->handleRequest(NULL, Object(Config\Cache), false)
#10 C:\kerjaan baru 2022\tes_bpjs_form\public\index.php(67): CodeIgniter\CodeIgniter->run()
#11 C:\kerjaan baru 2022\tes_bpjs_form\system\Commands\Server\rewrite.php(46): require_once('C:\\kerjaan baru...')
#12 {main}
CRITICAL - 2022-11-06 23:54:57 --> Call to a member function getResult() on bool
in SYSTEMPATH\Model.php on line 224.
 1 SYSTEMPATH\BaseModel.php(585): CodeIgniter\Model->doFindAll(0, 0)
 2 APPPATH\Controllers\Home.php(19): CodeIgniter\BaseModel->findAll()
 3 SYSTEMPATH\CodeIgniter.php(927): App\Controllers\Home->index()
 4 SYSTEMPATH\CodeIgniter.php(482): CodeIgniter\CodeIgniter->runController(Object(App\Controllers\Home))
 5 SYSTEMPATH\CodeIgniter.php(351): CodeIgniter\CodeIgniter->handleRequest(null, Object(Config\Cache), false)
 6 FCPATH\index.php(67): CodeIgniter\CodeIgniter->run()
 7 SYSTEMPATH\Commands\Server\rewrite.php(46): require_once('FCPATH\\index.php')
ERROR - 2022-11-06 23:55:21 --> mysqli_sql_exception: No database selected in C:\kerjaan baru 2022\tes_bpjs_form\system\Database\MySQLi\Connection.php:292
Stack trace:
#0 C:\kerjaan baru 2022\tes_bpjs_form\system\Database\MySQLi\Connection.php(292): mysqli->query('SELECT *\nFROM `...', 0)
#1 C:\kerjaan baru 2022\tes_bpjs_form\system\Database\BaseConnection.php(666): CodeIgniter\Database\MySQLi\Connection->execute('SELECT *\nFROM `...')
#2 C:\kerjaan baru 2022\tes_bpjs_form\system\Database\BaseConnection.php(593): CodeIgniter\Database\BaseConnection->simpleQuery('SELECT *\nFROM `...')
#3 C:\kerjaan baru 2022\tes_bpjs_form\system\Database\BaseBuilder.php(1585): CodeIgniter\Database\BaseConnection->query('SELECT *\nFROM `...', Array, false)
#4 C:\kerjaan baru 2022\tes_bpjs_form\system\Model.php(772): CodeIgniter\Database\BaseBuilder->get()
#5 C:\kerjaan baru 2022\tes_bpjs_form\app\Controllers\Home.php(19): CodeIgniter\Model->__call('get', Array)
#6 C:\kerjaan baru 2022\tes_bpjs_form\system\CodeIgniter.php(927): App\Controllers\Home->index()
#7 C:\kerjaan baru 2022\tes_bpjs_form\system\CodeIgniter.php(482): CodeIgniter\CodeIgniter->runController(Object(App\Controllers\Home))
#8 C:\kerjaan baru 2022\tes_bpjs_form\system\CodeIgniter.php(351): CodeIgniter\CodeIgniter->handleRequest(NULL, Object(Config\Cache), false)
#9 C:\kerjaan baru 2022\tes_bpjs_form\public\index.php(67): CodeIgniter\CodeIgniter->run()
#10 C:\kerjaan baru 2022\tes_bpjs_form\system\Commands\Server\rewrite.php(46): require_once('C:\\kerjaan baru...')
#11 {main}
ERROR - 2022-11-06 23:58:24 --> mysqli_sql_exception: No database selected in C:\kerjaan baru 2022\tes_bpjs_form\system\Database\MySQLi\Connection.php:292
Stack trace:
#0 C:\kerjaan baru 2022\tes_bpjs_form\system\Database\MySQLi\Connection.php(292): mysqli->query('SELECT *\nFROM `...', 0)
#1 C:\kerjaan baru 2022\tes_bpjs_form\system\Database\BaseConnection.php(666): CodeIgniter\Database\MySQLi\Connection->execute('SELECT *\nFROM `...')
#2 C:\kerjaan baru 2022\tes_bpjs_form\system\Database\BaseConnection.php(593): CodeIgniter\Database\BaseConnection->simpleQuery('SELECT *\nFROM `...')
#3 C:\kerjaan baru 2022\tes_bpjs_form\system\Database\BaseBuilder.php(1585): CodeIgniter\Database\BaseConnection->query('SELECT *\nFROM `...', Array, false)
#4 C:\kerjaan baru 2022\tes_bpjs_form\system\Model.php(772): CodeIgniter\Database\BaseBuilder->get()
#5 C:\kerjaan baru 2022\tes_bpjs_form\app\Controllers\Home.php(19): CodeIgniter\Model->__call('get', Array)
#6 C:\kerjaan baru 2022\tes_bpjs_form\system\CodeIgniter.php(927): App\Controllers\Home->index()
#7 C:\kerjaan baru 2022\tes_bpjs_form\system\CodeIgniter.php(482): CodeIgniter\CodeIgniter->runController(Object(App\Controllers\Home))
#8 C:\kerjaan baru 2022\tes_bpjs_form\system\CodeIgniter.php(351): CodeIgniter\CodeIgniter->handleRequest(NULL, Object(Config\Cache), false)
#9 C:\kerjaan baru 2022\tes_bpjs_form\public\index.php(67): CodeIgniter\CodeIgniter->run()
#10 C:\kerjaan baru 2022\tes_bpjs_form\system\Commands\Server\rewrite.php(46): require_once('C:\\kerjaan baru...')
#11 {main}
